# JRE version: Java(TM) SE Runtime Environment (8.0_91-b14) (build 1.8.0_91-b14)
# Java VM: Java HotSpot(TM) 64-Bit Server VM (25.91-b14 mixed mode windows-amd64 compressed oops)
Heap:
 PSYoungGen      total 21504K, used 1772K [0x00000000eb300000, 0x00000000ecd00000, 0x0000000100000000)
  eden space 16384K, 8% used [0x00000000eb300000,0x00000000eb45b058,0x00000000ec300000)
  from space 5120K, 7% used [0x00000000ec300000,0x00000000ec360000,0x00000000ec800000)
  to   space 5120K, 0% used [0x00000000ec800000,0x00000000ec800000,0x00000000ecd00000)
 ParOldGen       total 44032K, used 5609K [0x00000000c1800000, 0x00000000c4300000, 0x00000000eb300000)
  object space 44032K, 12% used [0x00000000c1800000,0x00000000c1d7a5c0,0x00000000c4300000)
 Metaspace       used 16556K, capacity 16718K, committed 16896K, reserved 1064960K
  class space    used 1966K, capacity 2028K, committed 2048K, reserved 1048576K
GC Heap History (10 events):
Event: 18.399 GC heap before
{Heap before GC invocations=11 (full 0):
 PSYoungGen      total 22016K, used 15883K [0x00000000eb300000, 0x00000000ece00000, 0x0000000100000000)
  eden space 16384K, 95% used [0x00000000eb300000,0x00000000ec24ac28,0x00000000ec300000)
  from space 5632K, 3% used [0x00000000ec880000,0x00000000ec8b8000,0x00000000ece00000)
  to   space 5632K, 0% used [0x00000000ec300000,0x00000000ec300000,0x00000000ec880000)
 ParOldGen       total 44032K, used 5382K [0x00000000c1800000, 0x00000000c4300000, 0x00000000eb300000)
  object space 44032K, 12% used [0x00000000c1800000,0x00000000c1d41a30,0x00000000c4300000)
 Metaspace       used 16282K, capacity 16454K, committed 16640K, reserved 1064960K
  class space    used 1943K, capacity 2028K, committed 2048K, reserved 1048576K
Event: 18.400 GC heap after
Heap after GC invocations=11 (full 0):
 PSYoungGen      total 22016K, used 128K [0x00000000eb300000, 0x00000000ece00000, 0x0000000100000000)
  eden space 16384K, 0% used [0x00000000eb300000,0x00000000eb300000,0x00000000ec300000)
  from space 5632K, 2% used [0x00000000ec300000,0x00000000ec320000,0x00000000ec880000)
  to   space 5632K, 0% used [0x00000000ec880000,0x00000000ec880000,0x00000000ece00000)
 ParOldGen       total 44032K, used 5510K [0x00000000c1800000, 0x00000000c4300000, 0x00000000eb300000)
  object space 44032K, 12% used [0x00000000c1800000,0x00000000c1d61a60,0x00000000c4300000)
 Metaspace       used 16282K, capacity 16454K, committed 16640K, reserved 1064960K
  class space    used 1943K, capacity 2028K, committed 2048K, reserved 1048576K
}
Event: 20.102 GC heap before
{Heap before GC invocations=12 (full 0):
 PSYoungGen      total 22016K, used 15770K [0x00000000eb300000, 0x00000000ece00000, 0x0000000100000000)
  eden space 16384K, 95% used [0x00000000eb300000,0x00000000ec246b10,0x00000000ec300000)
  from space 5632K, 2% used [0x00000000ec300000,0x00000000ec320000,0x00000000ec880000)
  to   space 5632K, 0% used [0x00000000ec880000,0x00000000ec880000,0x00000000ece00000)
 ParOldGen       total 44032K, used 5510K [0x00000000c1800000, 0x00000000c4300000, 0x00000000eb300000)
  object space 44032K, 12% used [0x00000000c1800000,0x00000000c1d61a60,0x00000000c4300000)
 Metaspace       used 16299K, capacity 16518K, committed 16640K, reserved 1064960K
  class space    used 1943K, capacity 2028K, committed 2048K, reserved 1048576K
Event: 20.104 GC heap after
Heap after GC invocations=12 (full 0):
 PSYoungGen      total 20992K, used 128K [0x00000000eb300000, 0x00000000ecd00000, 0x0000000100000000)
  eden space 16384K, 0% used [0x00000000eb300000,0x00000000eb300000,0x00000000ec300000)
  from space 4608K, 2% used [0x00000000ec880000,0x00000000ec8a0000,0x00000000ecd00000)
  to   space 5120K, 0% used [0x00000000ec300000,0x00000000ec300000,0x00000000ec800000)
 ParOldGen       total 44032K, used 5553K [0x00000000c1800000, 0x00000000c4300000, 0x00000000eb300000)
  object space 44032K, 12% used [0x00000000c1800000,0x00000000c1d6c5c0,0x00000000c4300000)
 Metaspace       used 16299K, capacity 16518K, committed 16640K, reserved 1064960K
  class space    used 1943K, capacity 2028K, committed 2048K, reserved 1048576K
}
Event: 21.807 GC heap before
{Heap before GC invocations=13 (full 0):
 PSYoungGen      total 20992K, used 15766K [0x00000000eb300000, 0x00000000ecd00000, 0x0000000100000000)
  eden space 16384K, 95% used [0x00000000eb300000,0x00000000ec245b18,0x00000000ec300000)
  from space 4608K, 2% used [0x00000000ec880000,0x00000000ec8a0000,0x00000000ecd00000)
  to   space 5120K, 0% used [0x00000000ec300000,0x00000000ec300000,0x00000000ec800000)
 ParOldGen       total 44032K, used 5553K [0x00000000c1800000, 0x00000000c4300000, 0x00000000eb300000)
  object space 44032K, 12% used [0x00000000c1800000,0x00000000c1d6c5c0,0x00000000c4300000)
 Metaspace       used 16314K, capacity 16518K, committed 16640K, reserved 1064960K
  class space    used 1943K, capacity 2028K, committed 2048K, reserved 1048576K
Event: 21.808 GC heap after
Heap after GC invocations=13 (full 0):
 PSYoungGen      total 21504K, used 128K [0x00000000eb300000, 0x00000000ecd00000, 0x0000000100000000)
  eden space 16384K, 0% used [0x00000000eb300000,0x00000000eb300000,0x00000000ec300000)
  from space 5120K, 2% used [0x00000000ec300000,0x00000000ec320000,0x00000000ec800000)
  to   space 5120K, 0% used [0x00000000ec800000,0x00000000ec800000,0x00000000ecd00000)
 ParOldGen       total 44032K, used 5569K [0x00000000c1800000, 0x00000000c4300000, 0x00000000eb300000)
  object space 44032K, 12% used [0x00000000c1800000,0x00000000c1d705c0,0x00000000c4300000)
 Metaspace       used 16314K, capacity 16518K, committed 16640K, reserved 1064960K
  class space    used 1943K, capacity 2028K, committed 2048K, reserved 1048576K
}
Event: 23.517 GC heap before
{Heap before GC invocations=14 (full 0):
 PSYoungGen      total 21504K, used 15762K [0x00000000eb300000, 0x00000000ecd00000, 0x0000000100000000)
  eden space 16384K, 95% used [0x00000000eb300000,0x00000000ec244a48,0x00000000ec300000)
  from space 5120K, 2% used [0x00000000ec300000,0x00000000ec320000,0x00000000ec800000)
  to   space 5120K, 0% used [0x00000000ec800000,0x00000000ec800000,0x00000000ecd00000)
 ParOldGen       total 44032K, used 5569K [0x00000000c1800000, 0x00000000c4300000, 0x00000000eb300000)
  object space 44032K, 12% used [0x00000000c1800000,0x00000000c1d705c0,0x00000000c4300000)
 Metaspace       used 16333K, capacity 16526K, committed 16640K, reserved 1064960K
  class space    used 1943K, capacity 2028K, committed 2048K, reserved 1048576K
Event: 23.518 GC heap after
Heap after GC invocations=14 (full 0):
 PSYoungGen      total 21504K, used 128K [0x00000000eb300000, 0x00000000ecd00000, 0x0000000100000000)
  eden space 16384K, 0% used [0x00000000eb300000,0x00000000eb300000,0x00000000ec300000)
  from space 5120K, 2% used [0x00000000ec800000,0x00000000ec820000,0x00000000ecd00000)
  to   space 5120K, 0% used [0x00000000ec300000,0x00000000ec300000,0x00000000ec800000)
 ParOldGen       total 44032K, used 5585K [0x00000000c1800000, 0x00000000c4300000, 0x00000000eb300000)
  object space 44032K, 12% used [0x00000000c1800000,0x00000000c1d745c0,0x00000000c4300000)
 Metaspace       used 16333K, capacity 16526K, committed 16640K, reserved 1064960K
  class space    used 1943K, capacity 2028K, committed 2048K, reserved 1048576K
}
Event: 28.829 GC heap before
{Heap before GC invocations=15 (full 0):
 PSYoungGen      total 21504K, used 16175K [0x00000000eb300000, 0x00000000ecd00000, 0x0000000100000000)
  eden space 16384K, 97% used [0x00000000eb300000,0x00000000ec2abed0,0x00000000ec300000)
  from space 5120K, 2% used [0x00000000ec800000,0x00000000ec820000,0x00000000ecd00000)
  to   space 5120K, 0% used [0x00000000ec300000,0x00000000ec300000,0x00000000ec800000)
 ParOldGen       total 44032K, used 5585K [0x00000000c1800000, 0x00000000c4300000, 0x00000000eb300000)
  object space 44032K, 12% used [0x00000000c1800000,0x00000000c1d745c0,0x00000000c4300000)
 Metaspace       used 16555K, capacity 16718K, committed 16896K, reserved 1064960K
  class space    used 1966K, capacity 2028K, committed 2048K, reserved 1048576K
Event: 28.830 GC heap after
Heap after GC invocations=15 (full 0):
 PSYoungGen      total 21504K, used 384K [0x00000000eb300000, 0x00000000ecd00000, 0x0000000100000000)
  eden space 16384K, 0% used [0x00000000eb300000,0x00000000eb300000,0x00000000ec300000)
  from space 5120K, 7% used [0x00000000ec300000,0x00000000ec360000,0x00000000ec800000)
  to   space 5120K, 0% used [0x00000000ec800000,0x00000000ec800000,0x00000000ecd00000)
 ParOldGen       total 44032K, used 5609K [0x00000000c1800000, 0x00000000c4300000, 0x00000000eb300000)
  object space 44032K, 12% used [0x00000000c1800000,0x00000000c1d7a5c0,0x00000000c4300000)
 Metaspace       used 16555K, capacity 16718K, committed 16896K, reserved 1064960K
  class space    used 1966K, capacity 2028K, committed 2048K, reserved 1048576K
}

