# JRE version: Java(TM) SE Runtime Environment (8.0_91-b14) (build 1.8.0_91-b14)
# Java VM: Java HotSpot(TM) 64-Bit Server VM (25.91-b14 mixed mode windows-amd64 compressed oops)
Heap:
 PSYoungGen      total 23552K, used 14636K [0x00000000eb300000, 0x00000000ed180000, 0x0000000100000000)
  eden space 15872K, 91% used [0x00000000eb300000,0x00000000ec1232e0,0x00000000ec280000)
  from space 7680K, 2% used [0x00000000ec280000,0x00000000ec2a8000,0x00000000eca00000)
  to   space 7680K, 0% used [0x00000000eca00000,0x00000000eca00000,0x00000000ed180000)
 ParOldGen       total 44032K, used 14525K [0x00000000c1800000, 0x00000000c4300000, 0x00000000eb300000)
  object space 44032K, 32% used [0x00000000c1800000,0x00000000c262f450,0x00000000c4300000)
 Metaspace       used 16219K, capacity 16454K, committed 16640K, reserved 1064960K
  class space    used 1954K, capacity 2028K, committed 2048K, reserved 1048576K
GC Heap History (10 events):
Event: 9.308 GC heap before
{Heap before GC invocations=7 (full 0):
 PSYoungGen      total 21504K, used 19940K [0x00000000eb300000, 0x00000000ed180000, 0x0000000100000000)
  eden space 16384K, 93% used [0x00000000eb300000,0x00000000ec1f4278,0x00000000ec300000)
  from space 5120K, 90% used [0x00000000ecc80000,0x00000000ed104e20,0x00000000ed180000)
  to   space 7168K, 0% used [0x00000000ec380000,0x00000000ec380000,0x00000000eca80000)
 ParOldGen       total 44032K, used 7835K [0x00000000c1800000, 0x00000000c4300000, 0x00000000eb300000)
  object space 44032K, 17% used [0x00000000c1800000,0x00000000c1fa6ee0,0x00000000c4300000)
 Metaspace       used 16074K, capacity 16262K, committed 16384K, reserved 1062912K
  class space    used 1942K, capacity 2028K, committed 2048K, reserved 1048576K
Event: 9.314 GC heap after
Heap after GC invocations=7 (full 0):
 PSYoungGen      total 18944K, used 2185K [0x00000000eb300000, 0x00000000ed100000, 0x0000000100000000)
  eden space 16384K, 0% used [0x00000000eb300000,0x00000000eb300000,0x00000000ec300000)
  from space 2560K, 85% used [0x00000000ec380000,0x00000000ec5a2710,0x00000000ec600000)
  to   space 7168K, 0% used [0x00000000eca00000,0x00000000eca00000,0x00000000ed100000)
 ParOldGen       total 44032K, used 8303K [0x00000000c1800000, 0x00000000c4300000, 0x00000000eb300000)
  object space 44032K, 18% used [0x00000000c1800000,0x00000000c201bef0,0x00000000c4300000)
 Metaspace       used 16074K, capacity 16262K, committed 16384K, reserved 1062912K
  class space    used 1942K, capacity 2028K, committed 2048K, reserved 1048576K
}
Event: 10.600 GC heap before
{Heap before GC invocations=8 (full 0):
 PSYoungGen      total 18944K, used 17709K [0x00000000eb300000, 0x00000000ed100000, 0x0000000100000000)
  eden space 16384K, 94% used [0x00000000eb300000,0x00000000ec228df0,0x00000000ec300000)
  from space 2560K, 85% used [0x00000000ec380000,0x00000000ec5a2710,0x00000000ec600000)
  to   space 7168K, 0% used [0x00000000eca00000,0x00000000eca00000,0x00000000ed100000)
 ParOldGen       total 44032K, used 8303K [0x00000000c1800000, 0x00000000c4300000, 0x00000000eb300000)
  object space 44032K, 18% used [0x00000000c1800000,0x00000000c201bef0,0x00000000c4300000)
 Metaspace       used 16149K, capacity 16326K, committed 16640K, reserved 1064960K
  class space    used 1954K, capacity 2028K, committed 2048K, reserved 1048576K
Event: 10.603 GC heap after
Heap after GC invocations=8 (full 0):
 PSYoungGen      total 23040K, used 288K [0x00000000eb300000, 0x00000000ed200000, 0x0000000100000000)
  eden space 15872K, 0% used [0x00000000eb300000,0x00000000eb300000,0x00000000ec280000)
  from space 7168K, 4% used [0x00000000eca00000,0x00000000eca48000,0x00000000ed100000)
  to   space 7680K, 0% used [0x00000000ec280000,0x00000000ec280000,0x00000000eca00000)
 ParOldGen       total 44032K, used 14325K [0x00000000c1800000, 0x00000000c4300000, 0x00000000eb300000)
  object space 44032K, 32% used [0x00000000c1800000,0x00000000c25fd420,0x00000000c4300000)
 Metaspace       used 16149K, capacity 16326K, committed 16640K, reserved 1064960K
  class space    used 1954K, capacity 2028K, committed 2048K, reserved 1048576K
}
Event: 11.915 GC heap before
{Heap before GC invocations=9 (full 0):
 PSYoungGen      total 23040K, used 14808K [0x00000000eb300000, 0x00000000ed200000, 0x0000000100000000)
  eden space 15872K, 91% used [0x00000000eb300000,0x00000000ec12e198,0x00000000ec280000)
  from space 7168K, 4% used [0x00000000eca00000,0x00000000eca48000,0x00000000ed100000)
  to   space 7680K, 0% used [0x00000000ec280000,0x00000000ec280000,0x00000000eca00000)
 ParOldGen       total 44032K, used 14325K [0x00000000c1800000, 0x00000000c4300000, 0x00000000eb300000)
  object space 44032K, 32% used [0x00000000c1800000,0x00000000c25fd420,0x00000000c4300000)
 Metaspace       used 16167K, capacity 16326K, committed 16640K, reserved 1064960K
  class space    used 1954K, capacity 2028K, committed 2048K, reserved 1048576K
Event: 11.917 GC heap after
Heap after GC invocations=9 (full 0):
 PSYoungGen      total 23552K, used 256K [0x00000000eb300000, 0x00000000ed180000, 0x0000000100000000)
  eden space 15872K, 0% used [0x00000000eb300000,0x00000000eb300000,0x00000000ec280000)
  from space 7680K, 3% used [0x00000000ec280000,0x00000000ec2c0000,0x00000000eca00000)
  to   space 7680K, 0% used [0x00000000eca00000,0x00000000eca00000,0x00000000ed180000)
 ParOldGen       total 44032K, used 14373K [0x00000000c1800000, 0x00000000c4300000, 0x00000000eb300000)
  object space 44032K, 32% used [0x00000000c1800000,0x00000000c2609420,0x00000000c4300000)
 Metaspace       used 16167K, capacity 16326K, committed 16640K, reserved 1064960K
  class space    used 1954K, capacity 2028K, committed 2048K, reserved 1048576K
}
Event: 13.293 GC heap before
{Heap before GC invocations=10 (full 0):
 PSYoungGen      total 23552K, used 16128K [0x00000000eb300000, 0x00000000ed180000, 0x0000000100000000)
  eden space 15872K, 100% used [0x00000000eb300000,0x00000000ec280000,0x00000000ec280000)
  from space 7680K, 3% used [0x00000000ec280000,0x00000000ec2c0000,0x00000000eca00000)
  to   space 7680K, 0% used [0x00000000eca00000,0x00000000eca00000,0x00000000ed180000)
 ParOldGen       total 44032K, used 14373K [0x00000000c1800000, 0x00000000c4300000, 0x00000000eb300000)
  object space 44032K, 32% used [0x00000000c1800000,0x00000000c2609420,0x00000000c4300000)
 Metaspace       used 16189K, capacity 16326K, committed 16640K, reserved 1064960K
  class space    used 1954K, capacity 2028K, committed 2048K, reserved 1048576K
Event: 13.293 GC heap after
Heap after GC invocations=10 (full 0):
 PSYoungGen      total 23552K, used 160K [0x00000000eb300000, 0x00000000ed180000, 0x0000000100000000)
  eden space 15872K, 0% used [0x00000000eb300000,0x00000000eb300000,0x00000000ec280000)
  from space 7680K, 2% used [0x00000000eca00000,0x00000000eca28000,0x00000000ed180000)
  to   space 7680K, 0% used [0x00000000ec280000,0x00000000ec280000,0x00000000eca00000)
 ParOldGen       total 44032K, used 14509K [0x00000000c1800000, 0x00000000c4300000, 0x00000000eb300000)
  object space 44032K, 32% used [0x00000000c1800000,0x00000000c262b450,0x00000000c4300000)
 Metaspace       used 16189K, capacity 16326K, committed 16640K, reserved 1064960K
  class space    used 1954K, capacity 2028K, committed 2048K, reserved 1048576K
}
Event: 14.796 GC heap before
{Heap before GC invocations=11 (full 0):
 PSYoungGen      total 23552K, used 15989K [0x00000000eb300000, 0x00000000ed180000, 0x0000000100000000)
  eden space 15872K, 99% used [0x00000000eb300000,0x00000000ec275558,0x00000000ec280000)
  from space 7680K, 2% used [0x00000000eca00000,0x00000000eca28000,0x00000000ed180000)
  to   space 7680K, 0% used [0x00000000ec280000,0x00000000ec280000,0x00000000eca00000)
 ParOldGen       total 44032K, used 14509K [0x00000000c1800000, 0x00000000c4300000, 0x00000000eb300000)
  object space 44032K, 32% used [0x00000000c1800000,0x00000000c262b450,0x00000000c4300000)
 Metaspace       used 16209K, capacity 16390K, committed 16640K, reserved 1064960K
  class space    used 1954K, capacity 2028K, committed 2048K, reserved 1048576K
Event: 14.797 GC heap after
Heap after GC invocations=11 (full 0):
 PSYoungGen      total 23552K, used 160K [0x00000000eb300000, 0x00000000ed180000, 0x0000000100000000)
  eden space 15872K, 0% used [0x00000000eb300000,0x00000000eb300000,0x00000000ec280000)
  from space 7680K, 2% used [0x00000000ec280000,0x00000000ec2a8000,0x00000000eca00000)
  to   space 7680K, 0% used [0x00000000eca00000,0x00000000eca00000,0x00000000ed180000)
 ParOldGen       total 44032K, used 14525K [0x00000000c1800000, 0x00000000c4300000, 0x00000000eb300000)
  object space 44032K, 32% used [0x00000000c1800000,0x00000000c262f450,0x00000000c4300000)
 Metaspace       used 16209K, capacity 16390K, committed 16640K, reserved 1064960K
  class space    used 1954K, capacity 2028K, committed 2048K, reserved 1048576K
}

