# JRE version: Java(TM) SE Runtime Environment (8.0_91-b14) (build 1.8.0_91-b14)
# Java VM: Java HotSpot(TM) 64-Bit Server VM (25.91-b14 mixed mode windows-amd64 compressed oops)
Heap:
 PSYoungGen      total 23552K, used 1603K [0x00000000eb300000, 0x00000000ed100000, 0x0000000100000000)
  eden space 16384K, 8% used [0x00000000eb300000,0x00000000eb450f58,0x00000000ec300000)
  from space 7168K, 3% used [0x00000000ec300000,0x00000000ec340000,0x00000000eca00000)
  to   space 7168K, 0% used [0x00000000eca00000,0x00000000eca00000,0x00000000ed100000)
 ParOldGen       total 44032K, used 7978K [0x00000000c1800000, 0x00000000c4300000, 0x00000000eb300000)
  object space 44032K, 18% used [0x00000000c1800000,0x00000000c1fcab30,0x00000000c4300000)
 Metaspace       used 16336K, capacity 16518K, committed 16640K, reserved 1064960K
  class space    used 1970K, capacity 2028K, committed 2048K, reserved 1048576K
GC Heap History (10 events):
Event: 9.523 GC heap before
{Heap before GC invocations=5 (full 0):
 PSYoungGen      total 18944K, used 18619K [0x00000000eb300000, 0x00000000ec800000, 0x0000000100000000)
  eden space 16384K, 98% used [0x00000000eb300000,0x00000000ec2b6be8,0x00000000ec300000)
  from space 2560K, 98% used [0x00000000ec580000,0x00000000ec7f8020,0x00000000ec800000)
  to   space 2560K, 0% used [0x00000000ec300000,0x00000000ec300000,0x00000000ec580000)
 ParOldGen       total 44032K, used 5338K [0x00000000c1800000, 0x00000000c4300000, 0x00000000eb300000)
  object space 44032K, 12% used [0x00000000c1800000,0x00000000c1d369e0,0x00000000c4300000)
 Metaspace       used 15959K, capacity 16198K, committed 16384K, reserved 1062912K
  class space    used 1943K, capacity 2028K, committed 2048K, reserved 1048576K
Event: 9.526 GC heap after
Heap after GC invocations=5 (full 0):
 PSYoungGen      total 18944K, used 2560K [0x00000000eb300000, 0x00000000ed100000, 0x0000000100000000)
  eden space 16384K, 0% used [0x00000000eb300000,0x00000000eb300000,0x00000000ec300000)
  from space 2560K, 100% used [0x00000000ec300000,0x00000000ec580000,0x00000000ec580000)
  to   space 7168K, 0% used [0x00000000eca00000,0x00000000eca00000,0x00000000ed100000)
 ParOldGen       total 44032K, used 5386K [0x00000000c1800000, 0x00000000c4300000, 0x00000000eb300000)
  object space 44032K, 12% used [0x00000000c1800000,0x00000000c1d429e0,0x00000000c4300000)
 Metaspace       used 15959K, capacity 16198K, committed 16384K, reserved 1062912K
  class space    used 1943K, capacity 2028K, committed 2048K, reserved 1048576K
}
Event: 11.068 GC heap before
{Heap before GC invocations=6 (full 0):
 PSYoungGen      total 18944K, used 18620K [0x00000000eb300000, 0x00000000ed100000, 0x0000000100000000)
  eden space 16384K, 98% used [0x00000000eb300000,0x00000000ec2af3b0,0x00000000ec300000)
  from space 2560K, 100% used [0x00000000ec300000,0x00000000ec580000,0x00000000ec580000)
  to   space 7168K, 0% used [0x00000000eca00000,0x00000000eca00000,0x00000000ed100000)
 ParOldGen       total 44032K, used 5386K [0x00000000c1800000, 0x00000000c4300000, 0x00000000eb300000)
  object space 44032K, 12% used [0x00000000c1800000,0x00000000c1d429e0,0x00000000c4300000)
 Metaspace       used 16088K, capacity 16262K, committed 16384K, reserved 1062912K
  class space    used 1947K, capacity 2028K, committed 2048K, reserved 1048576K
Event: 11.073 GC heap after
Heap after GC invocations=6 (full 0):
 PSYoungGen      total 23552K, used 2688K [0x00000000eb300000, 0x00000000ed100000, 0x0000000100000000)
  eden space 16384K, 0% used [0x00000000eb300000,0x00000000eb300000,0x00000000ec300000)
  from space 7168K, 37% used [0x00000000eca00000,0x00000000ecca0000,0x00000000ed100000)
  to   space 7168K, 0% used [0x00000000ec300000,0x00000000ec300000,0x00000000eca00000)
 ParOldGen       total 44032K, used 5394K [0x00000000c1800000, 0x00000000c4300000, 0x00000000eb300000)
  object space 44032K, 12% used [0x00000000c1800000,0x00000000c1d449e0,0x00000000c4300000)
 Metaspace       used 16088K, capacity 16262K, committed 16384K, reserved 1062912K
  class space    used 1947K, capacity 2028K, committed 2048K, reserved 1048576K
}
Event: 12.451 GC heap before
{Heap before GC invocations=7 (full 0):
 PSYoungGen      total 23552K, used 18713K [0x00000000eb300000, 0x00000000ed100000, 0x0000000100000000)
  eden space 16384K, 97% used [0x00000000eb300000,0x00000000ec2a64c0,0x00000000ec300000)
  from space 7168K, 37% used [0x00000000eca00000,0x00000000ecca0000,0x00000000ed100000)
  to   space 7168K, 0% used [0x00000000ec300000,0x00000000ec300000,0x00000000eca00000)
 ParOldGen       total 44032K, used 5394K [0x00000000c1800000, 0x00000000c4300000, 0x00000000eb300000)
  object space 44032K, 12% used [0x00000000c1800000,0x00000000c1d449e0,0x00000000c4300000)
 Metaspace       used 16177K, capacity 16390K, committed 16640K, reserved 1064960K
  class space    used 1957K, capacity 2028K, committed 2048K, reserved 1048576K
Event: 12.455 GC heap after
Heap after GC invocations=7 (full 0):
 PSYoungGen      total 23552K, used 416K [0x00000000eb300000, 0x00000000ed100000, 0x0000000100000000)
  eden space 16384K, 0% used [0x00000000eb300000,0x00000000eb300000,0x00000000ec300000)
  from space 7168K, 5% used [0x00000000ec300000,0x00000000ec368000,0x00000000eca00000)
  to   space 7168K, 0% used [0x00000000eca00000,0x00000000eca00000,0x00000000ed100000)
 ParOldGen       total 44032K, used 7710K [0x00000000c1800000, 0x00000000c4300000, 0x00000000eb300000)
  object space 44032K, 17% used [0x00000000c1800000,0x00000000c1f878f0,0x00000000c4300000)
 Metaspace       used 16177K, capacity 16390K, committed 16640K, reserved 1064960K
  class space    used 1957K, capacity 2028K, committed 2048K, reserved 1048576K
}
Event: 14.723 GC heap before
{Heap before GC invocations=8 (full 0):
 PSYoungGen      total 23552K, used 16077K [0x00000000eb300000, 0x00000000ed100000, 0x0000000100000000)
  eden space 16384K, 95% used [0x00000000eb300000,0x00000000ec24b6f8,0x00000000ec300000)
  from space 7168K, 5% used [0x00000000ec300000,0x00000000ec368000,0x00000000eca00000)
  to   space 7168K, 0% used [0x00000000eca00000,0x00000000eca00000,0x00000000ed100000)
 ParOldGen       total 44032K, used 7710K [0x00000000c1800000, 0x00000000c4300000, 0x00000000eb300000)
  object space 44032K, 17% used [0x00000000c1800000,0x00000000c1f878f0,0x00000000c4300000)
 Metaspace       used 16216K, capacity 16454K, committed 16640K, reserved 1064960K
  class space    used 1958K, capacity 2028K, committed 2048K, reserved 1048576K
Event: 14.724 GC heap after
Heap after GC invocations=8 (full 0):
 PSYoungGen      total 23552K, used 256K [0x00000000eb300000, 0x00000000ed100000, 0x0000000100000000)
  eden space 16384K, 0% used [0x00000000eb300000,0x00000000eb300000,0x00000000ec300000)
  from space 7168K, 3% used [0x00000000eca00000,0x00000000eca40000,0x00000000ed100000)
  to   space 7168K, 0% used [0x00000000ec300000,0x00000000ec300000,0x00000000eca00000)
 ParOldGen       total 44032K, used 7850K [0x00000000c1800000, 0x00000000c4300000, 0x00000000eb300000)
  object space 44032K, 17% used [0x00000000c1800000,0x00000000c1faab00,0x00000000c4300000)
 Metaspace       used 16216K, capacity 16454K, committed 16640K, reserved 1064960K
  class space    used 1958K, capacity 2028K, committed 2048K, reserved 1048576K
}
Event: 16.998 GC heap before
{Heap before GC invocations=9 (full 0):
 PSYoungGen      total 23552K, used 16042K [0x00000000eb300000, 0x00000000ed100000, 0x0000000100000000)
  eden space 16384K, 96% used [0x00000000eb300000,0x00000000ec26ab68,0x00000000ec300000)
  from space 7168K, 3% used [0x00000000eca00000,0x00000000eca40000,0x00000000ed100000)
  to   space 7168K, 0% used [0x00000000ec300000,0x00000000ec300000,0x00000000eca00000)
 ParOldGen       total 44032K, used 7850K [0x00000000c1800000, 0x00000000c4300000, 0x00000000eb300000)
  object space 44032K, 17% used [0x00000000c1800000,0x00000000c1faab00,0x00000000c4300000)
 Metaspace       used 16334K, capacity 16518K, committed 16640K, reserved 1064960K
  class space    used 1970K, capacity 2028K, committed 2048K, reserved 1048576K
Event: 17.000 GC heap after
Heap after GC invocations=9 (full 0):
 PSYoungGen      total 23552K, used 256K [0x00000000eb300000, 0x00000000ed100000, 0x0000000100000000)
  eden space 16384K, 0% used [0x00000000eb300000,0x00000000eb300000,0x00000000ec300000)
  from space 7168K, 3% used [0x00000000ec300000,0x00000000ec340000,0x00000000eca00000)
  to   space 7168K, 0% used [0x00000000eca00000,0x00000000eca00000,0x00000000ed100000)
 ParOldGen       total 44032K, used 7978K [0x00000000c1800000, 0x00000000c4300000, 0x00000000eb300000)
  object space 44032K, 18% used [0x00000000c1800000,0x00000000c1fcab30,0x00000000c4300000)
 Metaspace       used 16334K, capacity 16518K, committed 16640K, reserved 1064960K
  class space    used 1970K, capacity 2028K, committed 2048K, reserved 1048576K
}

