# JRE version: Java(TM) SE Runtime Environment (8.0_91-b14) (build 1.8.0_91-b14)
# Java VM: Java HotSpot(TM) 64-Bit Server VM (25.91-b14 mixed mode windows-amd64 compressed oops)
Heap:
 PSYoungGen      total 16896K, used 6895K [0x00000000eb300000, 0x00000000ecf00000, 0x0000000100000000)
  eden space 16384K, 40% used [0x00000000eb300000,0x00000000eb98bdd0,0x00000000ec300000)
  from space 512K, 37% used [0x00000000ec300000,0x00000000ec330000,0x00000000ec380000)
  to   space 6144K, 0% used [0x00000000ec900000,0x00000000ec900000,0x00000000ecf00000)
 ParOldGen       total 44032K, used 8248K [0x00000000c1800000, 0x00000000c4300000, 0x00000000eb300000)
  object space 44032K, 18% used [0x00000000c1800000,0x00000000c200e3c0,0x00000000c4300000)
 Metaspace       used 16527K, capacity 16718K, committed 16896K, reserved 1064960K
  class space    used 1958K, capacity 2028K, committed 2048K, reserved 1048576K
GC Heap History (10 events):
Event: 18.123 GC heap before
{Heap before GC invocations=11 (full 0):
 PSYoungGen      total 23552K, used 16118K [0x00000000eb300000, 0x00000000ed100000, 0x0000000100000000)
  eden space 16384K, 97% used [0x00000000eb300000,0x00000000ec29d958,0x00000000ec300000)
  from space 7168K, 1% used [0x00000000eca00000,0x00000000eca20000,0x00000000ed100000)
  to   space 7168K, 0% used [0x00000000ec300000,0x00000000ec300000,0x00000000eca00000)
 ParOldGen       total 44032K, used 7912K [0x00000000c1800000, 0x00000000c4300000, 0x00000000eb300000)
  object space 44032K, 17% used [0x00000000c1800000,0x00000000c1fba3c0,0x00000000c4300000)
 Metaspace       used 16348K, capacity 16526K, committed 16640K, reserved 1064960K
  class space    used 1943K, capacity 2028K, committed 2048K, reserved 1048576K
Event: 18.125 GC heap after
Heap after GC invocations=11 (full 0):
 PSYoungGen      total 23552K, used 192K [0x00000000eb300000, 0x00000000ed100000, 0x0000000100000000)
  eden space 16384K, 0% used [0x00000000eb300000,0x00000000eb300000,0x00000000ec300000)
  from space 7168K, 2% used [0x00000000ec300000,0x00000000ec330000,0x00000000eca00000)
  to   space 7168K, 0% used [0x00000000eca00000,0x00000000eca00000,0x00000000ed100000)
 ParOldGen       total 44032K, used 7979K [0x00000000c1800000, 0x00000000c4300000, 0x00000000eb300000)
  object space 44032K, 18% used [0x00000000c1800000,0x00000000c1fcad30,0x00000000c4300000)
 Metaspace       used 16348K, capacity 16526K, committed 16640K, reserved 1064960K
  class space    used 1943K, capacity 2028K, committed 2048K, reserved 1048576K
}
Event: 19.831 GC heap before
{Heap before GC invocations=12 (full 0):
 PSYoungGen      total 23552K, used 16154K [0x00000000eb300000, 0x00000000ed100000, 0x0000000100000000)
  eden space 16384K, 97% used [0x00000000eb300000,0x00000000ec296858,0x00000000ec300000)
  from space 7168K, 2% used [0x00000000ec300000,0x00000000ec330000,0x00000000eca00000)
  to   space 7168K, 0% used [0x00000000eca00000,0x00000000eca00000,0x00000000ed100000)
 ParOldGen       total 44032K, used 7979K [0x00000000c1800000, 0x00000000c4300000, 0x00000000eb300000)
  object space 44032K, 18% used [0x00000000c1800000,0x00000000c1fcad30,0x00000000c4300000)
 Metaspace       used 16390K, capacity 16590K, committed 16896K, reserved 1064960K
  class space    used 1943K, capacity 2028K, committed 2048K, reserved 1048576K
Event: 19.832 GC heap after
Heap after GC invocations=12 (full 0):
 PSYoungGen      total 22528K, used 128K [0x00000000eb300000, 0x00000000ed000000, 0x0000000100000000)
  eden space 16384K, 0% used [0x00000000eb300000,0x00000000eb300000,0x00000000ec300000)
  from space 6144K, 2% used [0x00000000eca00000,0x00000000eca20000,0x00000000ed000000)
  to   space 6656K, 0% used [0x00000000ec300000,0x00000000ec300000,0x00000000ec980000)
 ParOldGen       total 44032K, used 8064K [0x00000000c1800000, 0x00000000c4300000, 0x00000000eb300000)
  object space 44032K, 18% used [0x00000000c1800000,0x00000000c1fe0200,0x00000000c4300000)
 Metaspace       used 16390K, capacity 16590K, committed 16896K, reserved 1064960K
  class space    used 1943K, capacity 2028K, committed 2048K, reserved 1048576K
}
Event: 21.534 GC heap before
{Heap before GC invocations=13 (full 0):
 PSYoungGen      total 22528K, used 16076K [0x00000000eb300000, 0x00000000ed000000, 0x0000000100000000)
  eden space 16384K, 97% used [0x00000000eb300000,0x00000000ec2932c8,0x00000000ec300000)
  from space 6144K, 2% used [0x00000000eca00000,0x00000000eca20000,0x00000000ed000000)
  to   space 6656K, 0% used [0x00000000ec300000,0x00000000ec300000,0x00000000ec980000)
 ParOldGen       total 44032K, used 8064K [0x00000000c1800000, 0x00000000c4300000, 0x00000000eb300000)
  object space 44032K, 18% used [0x00000000c1800000,0x00000000c1fe0200,0x00000000c4300000)
 Metaspace       used 16412K, capacity 16590K, committed 16896K, reserved 1064960K
  class space    used 1943K, capacity 2028K, committed 2048K, reserved 1048576K
Event: 21.535 GC heap after
Heap after GC invocations=13 (full 0):
 PSYoungGen      total 23040K, used 128K [0x00000000eb300000, 0x00000000ed000000, 0x0000000100000000)
  eden space 16384K, 0% used [0x00000000eb300000,0x00000000eb300000,0x00000000ec300000)
  from space 6656K, 1% used [0x00000000ec300000,0x00000000ec320000,0x00000000ec980000)
  to   space 6656K, 0% used [0x00000000ec980000,0x00000000ec980000,0x00000000ed000000)
 ParOldGen       total 44032K, used 8111K [0x00000000c1800000, 0x00000000c4300000, 0x00000000eb300000)
  object space 44032K, 18% used [0x00000000c1800000,0x00000000c1febda0,0x00000000c4300000)
 Metaspace       used 16412K, capacity 16590K, committed 16896K, reserved 1064960K
  class space    used 1943K, capacity 2028K, committed 2048K, reserved 1048576K
}
Event: 23.238 GC heap before
{Heap before GC invocations=14 (full 0):
 PSYoungGen      total 23040K, used 16095K [0x00000000eb300000, 0x00000000ed000000, 0x0000000100000000)
  eden space 16384K, 97% used [0x00000000eb300000,0x00000000ec297dc8,0x00000000ec300000)
  from space 6656K, 1% used [0x00000000ec300000,0x00000000ec320000,0x00000000ec980000)
  to   space 6656K, 0% used [0x00000000ec980000,0x00000000ec980000,0x00000000ed000000)
 ParOldGen       total 44032K, used 8111K [0x00000000c1800000, 0x00000000c4300000, 0x00000000eb300000)
  object space 44032K, 18% used [0x00000000c1800000,0x00000000c1febda0,0x00000000c4300000)
 Metaspace       used 16425K, capacity 16654K, committed 16896K, reserved 1064960K
  class space    used 1943K, capacity 2028K, committed 2048K, reserved 1048576K
Event: 23.239 GC heap after
Heap after GC invocations=14 (full 0):
 PSYoungGen      total 23040K, used 192K [0x00000000eb300000, 0x00000000ed000000, 0x0000000100000000)
  eden space 16384K, 0% used [0x00000000eb300000,0x00000000eb300000,0x00000000ec300000)
  from space 6656K, 2% used [0x00000000ec980000,0x00000000ec9b0000,0x00000000ed000000)
  to   space 6656K, 0% used [0x00000000ec300000,0x00000000ec300000,0x00000000ec980000)
 ParOldGen       total 44032K, used 8158K [0x00000000c1800000, 0x00000000c4300000, 0x00000000eb300000)
  object space 44032K, 18% used [0x00000000c1800000,0x00000000c1ff7940,0x00000000c4300000)
 Metaspace       used 16425K, capacity 16654K, committed 16896K, reserved 1064960K
  class space    used 1943K, capacity 2028K, committed 2048K, reserved 1048576K
}
Event: 23.839 GC heap before
{Heap before GC invocations=15 (full 0):
 PSYoungGen      total 23040K, used 16279K [0x00000000eb300000, 0x00000000ed000000, 0x0000000100000000)
  eden space 16384K, 98% used [0x00000000eb300000,0x00000000ec2b5de8,0x00000000ec300000)
  from space 6656K, 2% used [0x00000000ec980000,0x00000000ec9b0000,0x00000000ed000000)
  to   space 6656K, 0% used [0x00000000ec300000,0x00000000ec300000,0x00000000ec980000)
 ParOldGen       total 44032K, used 8158K [0x00000000c1800000, 0x00000000c4300000, 0x00000000eb300000)
  object space 44032K, 18% used [0x00000000c1800000,0x00000000c1ff7940,0x00000000c4300000)
 Metaspace       used 16512K, capacity 16718K, committed 16896K, reserved 1064960K
  class space    used 1958K, capacity 2028K, committed 2048K, reserved 1048576K
Event: 23.840 GC heap after
Heap after GC invocations=15 (full 0):
 PSYoungGen      total 16896K, used 192K [0x00000000eb300000, 0x00000000ecf00000, 0x0000000100000000)
  eden space 16384K, 0% used [0x00000000eb300000,0x00000000eb300000,0x00000000ec300000)
  from space 512K, 37% used [0x00000000ec300000,0x00000000ec330000,0x00000000ec380000)
  to   space 6144K, 0% used [0x00000000ec900000,0x00000000ec900000,0x00000000ecf00000)
 ParOldGen       total 44032K, used 8248K [0x00000000c1800000, 0x00000000c4300000, 0x00000000eb300000)
  object space 44032K, 18% used [0x00000000c1800000,0x00000000c200e3c0,0x00000000c4300000)
 Metaspace       used 16512K, capacity 16718K, committed 16896K, reserved 1064960K
  class space    used 1958K, capacity 2028K, committed 2048K, reserved 1048576K
}

