# JRE version: Java(TM) SE Runtime Environment (8.0_91-b14) (build 1.8.0_91-b14)
# Java VM: Java HotSpot(TM) 64-Bit Server VM (25.91-b14 mixed mode windows-amd64 compressed oops)
Heap:
 PSYoungGen      total 21504K, used 10812K [0x00000000eb300000, 0x00000000ecd00000, 0x0000000100000000)
  eden space 16384K, 58% used [0x00000000eb300000,0x00000000ebc6f240,0x00000000ec300000)
  from space 5120K, 22% used [0x00000000ec800000,0x00000000ec920000,0x00000000ecd00000)
  to   space 5120K, 0% used [0x00000000ec300000,0x00000000ec300000,0x00000000ec800000)
 ParOldGen       total 44032K, used 6032K [0x00000000c1800000, 0x00000000c4300000, 0x00000000eb300000)
  object space 44032K, 13% used [0x00000000c1800000,0x00000000c1de40c8,0x00000000c4300000)
 Metaspace       used 16294K, capacity 16518K, committed 16640K, reserved 1064960K
  class space    used 1943K, capacity 2028K, committed 2048K, reserved 1048576K
GC Heap History (10 events):
Event: 5.686 GC heap before
{Heap before GC invocations=4 (full 0):
 PSYoungGen      total 18944K, used 18837K [0x00000000eb300000, 0x00000000ec800000, 0x0000000100000000)
  eden space 16384K, 99% used [0x00000000eb300000,0x00000000ec2e9b18,0x00000000ec300000)
  from space 2560K, 99% used [0x00000000ec300000,0x00000000ec57bc30,0x00000000ec580000)
  to   space 2560K, 0% used [0x00000000ec580000,0x00000000ec580000,0x00000000ec800000)
 ParOldGen       total 44032K, used 2658K [0x00000000c1800000, 0x00000000c4300000, 0x00000000eb300000)
  object space 44032K, 6% used [0x00000000c1800000,0x00000000c1a98888,0x00000000c4300000)
 Metaspace       used 15805K, capacity 15974K, committed 16128K, reserved 1062912K
  class space    used 1918K, capacity 1996K, committed 2048K, reserved 1048576K
Event: 5.692 GC heap after
Heap after GC invocations=4 (full 0):
 PSYoungGen      total 18944K, used 2543K [0x00000000eb300000, 0x00000000ec800000, 0x0000000100000000)
  eden space 16384K, 0% used [0x00000000eb300000,0x00000000eb300000,0x00000000ec300000)
  from space 2560K, 99% used [0x00000000ec580000,0x00000000ec7fbc30,0x00000000ec800000)
  to   space 2560K, 0% used [0x00000000ec300000,0x00000000ec300000,0x00000000ec580000)
 ParOldGen       total 44032K, used 3028K [0x00000000c1800000, 0x00000000c4300000, 0x00000000eb300000)
  object space 44032K, 6% used [0x00000000c1800000,0x00000000c1af53e8,0x00000000c4300000)
 Metaspace       used 15805K, capacity 15974K, committed 16128K, reserved 1062912K
  class space    used 1918K, capacity 1996K, committed 2048K, reserved 1048576K
}
Event: 7.764 GC heap before
{Heap before GC invocations=5 (full 0):
 PSYoungGen      total 18944K, used 18927K [0x00000000eb300000, 0x00000000ec800000, 0x0000000100000000)
  eden space 16384K, 100% used [0x00000000eb300000,0x00000000ec300000,0x00000000ec300000)
  from space 2560K, 99% used [0x00000000ec580000,0x00000000ec7fbc30,0x00000000ec800000)
  to   space 2560K, 0% used [0x00000000ec300000,0x00000000ec300000,0x00000000ec580000)
 ParOldGen       total 44032K, used 3028K [0x00000000c1800000, 0x00000000c4300000, 0x00000000eb300000)
  object space 44032K, 6% used [0x00000000c1800000,0x00000000c1af53e8,0x00000000c4300000)
 Metaspace       used 15947K, capacity 16166K, committed 16384K, reserved 1062912K
  class space    used 1918K, capacity 1996K, committed 2048K, reserved 1048576K
Event: 7.769 GC heap after
Heap after GC invocations=5 (full 0):
 PSYoungGen      total 18944K, used 2543K [0x00000000eb300000, 0x00000000ecc00000, 0x0000000100000000)
  eden space 16384K, 0% used [0x00000000eb300000,0x00000000eb300000,0x00000000ec300000)
  from space 2560K, 99% used [0x00000000ec300000,0x00000000ec57bc30,0x00000000ec580000)
  to   space 4608K, 0% used [0x00000000ec780000,0x00000000ec780000,0x00000000ecc00000)
 ParOldGen       total 44032K, used 3548K [0x00000000c1800000, 0x00000000c4300000, 0x00000000eb300000)
  object space 44032K, 8% used [0x00000000c1800000,0x00000000c1b772f8,0x00000000c4300000)
 Metaspace       used 15947K, capacity 16166K, committed 16384K, reserved 1062912K
  class space    used 1918K, capacity 1996K, committed 2048K, reserved 1048576K
}
Event: 10.101 GC heap before
{Heap before GC invocations=6 (full 0):
 PSYoungGen      total 18944K, used 18843K [0x00000000eb300000, 0x00000000ecc00000, 0x0000000100000000)
  eden space 16384K, 99% used [0x00000000eb300000,0x00000000ec2eb2a0,0x00000000ec300000)
  from space 2560K, 99% used [0x00000000ec300000,0x00000000ec57bc30,0x00000000ec580000)
  to   space 4608K, 0% used [0x00000000ec780000,0x00000000ec780000,0x00000000ecc00000)
 ParOldGen       total 44032K, used 3548K [0x00000000c1800000, 0x00000000c4300000, 0x00000000eb300000)
  object space 44032K, 8% used [0x00000000c1800000,0x00000000c1b772f8,0x00000000c4300000)
 Metaspace       used 16007K, capacity 16230K, committed 16384K, reserved 1062912K
  class space    used 1918K, capacity 1996K, committed 2048K, reserved 1048576K
Event: 10.108 GC heap after
Heap after GC invocations=6 (full 0):
 PSYoungGen      total 20992K, used 2863K [0x00000000eb300000, 0x00000000ecc00000, 0x0000000100000000)
  eden space 16384K, 0% used [0x00000000eb300000,0x00000000eb300000,0x00000000ec300000)
  from space 4608K, 62% used [0x00000000ec780000,0x00000000eca4bc10,0x00000000ecc00000)
  to   space 4608K, 0% used [0x00000000ec300000,0x00000000ec300000,0x00000000ec780000)
 ParOldGen       total 44032K, used 3548K [0x00000000c1800000, 0x00000000c4300000, 0x00000000eb300000)
  object space 44032K, 8% used [0x00000000c1800000,0x00000000c1b772f8,0x00000000c4300000)
 Metaspace       used 16007K, capacity 16230K, committed 16384K, reserved 1062912K
  class space    used 1918K, capacity 1996K, committed 2048K, reserved 1048576K
}
Event: 12.229 GC heap before
{Heap before GC invocations=7 (full 0):
 PSYoungGen      total 20992K, used 19077K [0x00000000eb300000, 0x00000000ecc00000, 0x0000000100000000)
  eden space 16384K, 98% used [0x00000000eb300000,0x00000000ec2d5ac8,0x00000000ec300000)
  from space 4608K, 62% used [0x00000000ec780000,0x00000000eca4bc10,0x00000000ecc00000)
  to   space 4608K, 0% used [0x00000000ec300000,0x00000000ec300000,0x00000000ec780000)
 ParOldGen       total 44032K, used 3548K [0x00000000c1800000, 0x00000000c4300000, 0x00000000eb300000)
  object space 44032K, 8% used [0x00000000c1800000,0x00000000c1b772f8,0x00000000c4300000)
 Metaspace       used 16168K, capacity 16390K, committed 16640K, reserved 1064960K
  class space    used 1943K, capacity 2028K, committed 2048K, reserved 1048576K
Event: 12.236 GC heap after
Heap after GC invocations=7 (full 0):
 PSYoungGen      total 20992K, used 992K [0x00000000eb300000, 0x00000000ecd00000, 0x0000000100000000)
  eden space 16384K, 0% used [0x00000000eb300000,0x00000000eb300000,0x00000000ec300000)
  from space 4608K, 21% used [0x00000000ec300000,0x00000000ec3f8000,0x00000000ec780000)
  to   space 5120K, 0% used [0x00000000ec800000,0x00000000ec800000,0x00000000ecd00000)
 ParOldGen       total 44032K, used 5907K [0x00000000c1800000, 0x00000000c4300000, 0x00000000eb300000)
  object space 44032K, 13% used [0x00000000c1800000,0x00000000c1dc4de8,0x00000000c4300000)
 Metaspace       used 16168K, capacity 16390K, committed 16640K, reserved 1064960K
  class space    used 1943K, capacity 2028K, committed 2048K, reserved 1048576K
}
Event: 14.502 GC heap before
{Heap before GC invocations=8 (full 0):
 PSYoungGen      total 20992K, used 17271K [0x00000000eb300000, 0x00000000ecd00000, 0x0000000100000000)
  eden space 16384K, 99% used [0x00000000eb300000,0x00000000ec2e5cf0,0x00000000ec300000)
  from space 4608K, 21% used [0x00000000ec300000,0x00000000ec3f8000,0x00000000ec780000)
  to   space 5120K, 0% used [0x00000000ec800000,0x00000000ec800000,0x00000000ecd00000)
 ParOldGen       total 44032K, used 5907K [0x00000000c1800000, 0x00000000c4300000, 0x00000000eb300000)
  object space 44032K, 13% used [0x00000000c1800000,0x00000000c1dc4de8,0x00000000c4300000)
 Metaspace       used 16254K, capacity 16454K, committed 16640K, reserved 1064960K
  class space    used 1943K, capacity 2028K, committed 2048K, reserved 1048576K
Event: 14.504 GC heap after
Heap after GC invocations=8 (full 0):
 PSYoungGen      total 21504K, used 1152K [0x00000000eb300000, 0x00000000ecd00000, 0x0000000100000000)
  eden space 16384K, 0% used [0x00000000eb300000,0x00000000eb300000,0x00000000ec300000)
  from space 5120K, 22% used [0x00000000ec800000,0x00000000ec920000,0x00000000ecd00000)
  to   space 5120K, 0% used [0x00000000ec300000,0x00000000ec300000,0x00000000ec800000)
 ParOldGen       total 44032K, used 6032K [0x00000000c1800000, 0x00000000c4300000, 0x00000000eb300000)
  object space 44032K, 13% used [0x00000000c1800000,0x00000000c1de40c8,0x00000000c4300000)
 Metaspace       used 16254K, capacity 16454K, committed 16640K, reserved 1064960K
  class space    used 1943K, capacity 2028K, committed 2048K, reserved 1048576K
}

