# JRE version: Java(TM) SE Runtime Environment (8.0_91-b14) (build 1.8.0_91-b14)
# Java VM: Java HotSpot(TM) 64-Bit Server VM (25.91-b14 mixed mode windows-amd64 compressed oops)
Heap:
 PSYoungGen      total 16896K, used 8950K [0x00000000eb300000, 0x00000000ecb00000, 0x0000000100000000)
  eden space 16384K, 53% used [0x00000000eb300000,0x00000000ebb9d9e8,0x00000000ec300000)
  from space 512K, 25% used [0x00000000ec300000,0x00000000ec320000,0x00000000ec380000)
  to   space 4096K, 0% used [0x00000000ec700000,0x00000000ec700000,0x00000000ecb00000)
 ParOldGen       total 44032K, used 5966K [0x00000000c1800000, 0x00000000c4300000, 0x00000000eb300000)
  object space 44032K, 13% used [0x00000000c1800000,0x00000000c1dd3a58,0x00000000c4300000)
 Metaspace       used 15978K, capacity 16206K, committed 16384K, reserved 1062912K
  class space    used 1935K, capacity 2028K, committed 2048K, reserved 1048576K
GC Heap History (10 events):
Event: 26.090 GC heap before
{Heap before GC invocations=15 (full 0):
 PSYoungGen      total 20992K, used 16031K [0x00000000eb300000, 0x00000000ecd00000, 0x0000000100000000)
  eden space 16384K, 97% used [0x00000000eb300000,0x00000000ec287dc0,0x00000000ec300000)
  from space 4608K, 2% used [0x00000000ec880000,0x00000000ec8a0000,0x00000000ecd00000)
  to   space 5120K, 0% used [0x00000000ec300000,0x00000000ec300000,0x00000000ec800000)
 ParOldGen       total 44032K, used 5910K [0x00000000c1800000, 0x00000000c4300000, 0x00000000eb300000)
  object space 44032K, 13% used [0x00000000c1800000,0x00000000c1dc5a58,0x00000000c4300000)
 Metaspace       used 15932K, capacity 16134K, committed 16384K, reserved 1062912K
  class space    used 1935K, capacity 2028K, committed 2048K, reserved 1048576K
Event: 26.092 GC heap after
Heap after GC invocations=15 (full 0):
 PSYoungGen      total 21504K, used 128K [0x00000000eb300000, 0x00000000ecd00000, 0x0000000100000000)
  eden space 16384K, 0% used [0x00000000eb300000,0x00000000eb300000,0x00000000ec300000)
  from space 5120K, 2% used [0x00000000ec300000,0x00000000ec320000,0x00000000ec800000)
  to   space 5120K, 0% used [0x00000000ec800000,0x00000000ec800000,0x00000000ecd00000)
 ParOldGen       total 44032K, used 5926K [0x00000000c1800000, 0x00000000c4300000, 0x00000000eb300000)
  object space 44032K, 13% used [0x00000000c1800000,0x00000000c1dc9a58,0x00000000c4300000)
 Metaspace       used 15932K, capacity 16134K, committed 16384K, reserved 1062912K
  class space    used 1935K, capacity 2028K, committed 2048K, reserved 1048576K
}
Event: 27.531 GC heap before
{Heap before GC invocations=16 (full 0):
 PSYoungGen      total 21504K, used 15978K [0x00000000eb300000, 0x00000000ecd00000, 0x0000000100000000)
  eden space 16384K, 96% used [0x00000000eb300000,0x00000000ec27aab0,0x00000000ec300000)
  from space 5120K, 2% used [0x00000000ec300000,0x00000000ec320000,0x00000000ec800000)
  to   space 5120K, 0% used [0x00000000ec800000,0x00000000ec800000,0x00000000ecd00000)
 ParOldGen       total 44032K, used 5926K [0x00000000c1800000, 0x00000000c4300000, 0x00000000eb300000)
  object space 44032K, 13% used [0x00000000c1800000,0x00000000c1dc9a58,0x00000000c4300000)
 Metaspace       used 15934K, capacity 16134K, committed 16384K, reserved 1062912K
  class space    used 1935K, capacity 2028K, committed 2048K, reserved 1048576K
Event: 27.532 GC heap after
Heap after GC invocations=16 (full 0):
 PSYoungGen      total 21504K, used 128K [0x00000000eb300000, 0x00000000ecd00000, 0x0000000100000000)
  eden space 16384K, 0% used [0x00000000eb300000,0x00000000eb300000,0x00000000ec300000)
  from space 5120K, 2% used [0x00000000ec800000,0x00000000ec820000,0x00000000ecd00000)
  to   space 5120K, 0% used [0x00000000ec300000,0x00000000ec300000,0x00000000ec800000)
 ParOldGen       total 44032K, used 5934K [0x00000000c1800000, 0x00000000c4300000, 0x00000000eb300000)
  object space 44032K, 13% used [0x00000000c1800000,0x00000000c1dcba58,0x00000000c4300000)
 Metaspace       used 15934K, capacity 16134K, committed 16384K, reserved 1062912K
  class space    used 1935K, capacity 2028K, committed 2048K, reserved 1048576K
}
Event: 28.970 GC heap before
{Heap before GC invocations=17 (full 0):
 PSYoungGen      total 21504K, used 15946K [0x00000000eb300000, 0x00000000ecd00000, 0x0000000100000000)
  eden space 16384K, 96% used [0x00000000eb300000,0x00000000ec2729c8,0x00000000ec300000)
  from space 5120K, 2% used [0x00000000ec800000,0x00000000ec820000,0x00000000ecd00000)
  to   space 5120K, 0% used [0x00000000ec300000,0x00000000ec300000,0x00000000ec800000)
 ParOldGen       total 44032K, used 5934K [0x00000000c1800000, 0x00000000c4300000, 0x00000000eb300000)
  object space 44032K, 13% used [0x00000000c1800000,0x00000000c1dcba58,0x00000000c4300000)
 Metaspace       used 15949K, capacity 16134K, committed 16384K, reserved 1062912K
  class space    used 1935K, capacity 2028K, committed 2048K, reserved 1048576K
Event: 28.971 GC heap after
Heap after GC invocations=17 (full 0):
 PSYoungGen      total 16896K, used 128K [0x00000000eb300000, 0x00000000ecc00000, 0x0000000100000000)
  eden space 16384K, 0% used [0x00000000eb300000,0x00000000eb300000,0x00000000ec300000)
  from space 512K, 25% used [0x00000000ec300000,0x00000000ec320000,0x00000000ec380000)
  to   space 4608K, 0% used [0x00000000ec780000,0x00000000ec780000,0x00000000ecc00000)
 ParOldGen       total 44032K, used 5942K [0x00000000c1800000, 0x00000000c4300000, 0x00000000eb300000)
  object space 44032K, 13% used [0x00000000c1800000,0x00000000c1dcda58,0x00000000c4300000)
 Metaspace       used 15949K, capacity 16134K, committed 16384K, reserved 1062912K
  class space    used 1935K, capacity 2028K, committed 2048K, reserved 1048576K
}
Event: 30.410 GC heap before
{Heap before GC invocations=18 (full 0):
 PSYoungGen      total 16896K, used 15938K [0x00000000eb300000, 0x00000000ecc00000, 0x0000000100000000)
  eden space 16384K, 96% used [0x00000000eb300000,0x00000000ec270bc8,0x00000000ec300000)
  from space 512K, 25% used [0x00000000ec300000,0x00000000ec320000,0x00000000ec380000)
  to   space 4608K, 0% used [0x00000000ec780000,0x00000000ec780000,0x00000000ecc00000)
 ParOldGen       total 44032K, used 5942K [0x00000000c1800000, 0x00000000c4300000, 0x00000000eb300000)
  object space 44032K, 13% used [0x00000000c1800000,0x00000000c1dcda58,0x00000000c4300000)
 Metaspace       used 15951K, capacity 16134K, committed 16384K, reserved 1062912K
  class space    used 1935K, capacity 2028K, committed 2048K, reserved 1048576K
Event: 30.412 GC heap after
Heap after GC invocations=18 (full 0):
 PSYoungGen      total 20992K, used 128K [0x00000000eb300000, 0x00000000ecc00000, 0x0000000100000000)
  eden space 16384K, 0% used [0x00000000eb300000,0x00000000eb300000,0x00000000ec300000)
  from space 4608K, 2% used [0x00000000ec780000,0x00000000ec7a0000,0x00000000ecc00000)
  to   space 4608K, 0% used [0x00000000ec300000,0x00000000ec300000,0x00000000ec780000)
 ParOldGen       total 44032K, used 5950K [0x00000000c1800000, 0x00000000c4300000, 0x00000000eb300000)
  object space 44032K, 13% used [0x00000000c1800000,0x00000000c1dcfa58,0x00000000c4300000)
 Metaspace       used 15951K, capacity 16134K, committed 16384K, reserved 1062912K
  class space    used 1935K, capacity 2028K, committed 2048K, reserved 1048576K
}
Event: 31.843 GC heap before
{Heap before GC invocations=19 (full 0):
 PSYoungGen      total 20992K, used 15970K [0x00000000eb300000, 0x00000000ecc00000, 0x0000000100000000)
  eden space 16384K, 96% used [0x00000000eb300000,0x00000000ec278a60,0x00000000ec300000)
  from space 4608K, 2% used [0x00000000ec780000,0x00000000ec7a0000,0x00000000ecc00000)
  to   space 4608K, 0% used [0x00000000ec300000,0x00000000ec300000,0x00000000ec780000)
 ParOldGen       total 44032K, used 5950K [0x00000000c1800000, 0x00000000c4300000, 0x00000000eb300000)
  object space 44032K, 13% used [0x00000000c1800000,0x00000000c1dcfa58,0x00000000c4300000)
 Metaspace       used 15964K, capacity 16142K, committed 16384K, reserved 1062912K
  class space    used 1935K, capacity 2028K, committed 2048K, reserved 1048576K
Event: 31.844 GC heap after
Heap after GC invocations=19 (full 0):
 PSYoungGen      total 16896K, used 128K [0x00000000eb300000, 0x00000000ecb00000, 0x0000000100000000)
  eden space 16384K, 0% used [0x00000000eb300000,0x00000000eb300000,0x00000000ec300000)
  from space 512K, 25% used [0x00000000ec300000,0x00000000ec320000,0x00000000ec380000)
  to   space 4096K, 0% used [0x00000000ec700000,0x00000000ec700000,0x00000000ecb00000)
 ParOldGen       total 44032K, used 5966K [0x00000000c1800000, 0x00000000c4300000, 0x00000000eb300000)
  object space 44032K, 13% used [0x00000000c1800000,0x00000000c1dd3a58,0x00000000c4300000)
 Metaspace       used 15964K, capacity 16142K, committed 16384K, reserved 1062912K
  class space    used 1935K, capacity 2028K, committed 2048K, reserved 1048576K
}

