# JRE version: Java(TM) SE Runtime Environment (8.0_91-b14) (build 1.8.0_91-b14)
# Java VM: Java HotSpot(TM) 64-Bit Server VM (25.91-b14 mixed mode windows-amd64 compressed oops)
Heap:
 PSYoungGen      total 23552K, used 2872K [0x00000000eb300000, 0x00000000ed100000, 0x0000000100000000)
  eden space 16384K, 15% used [0x00000000eb300000,0x00000000eb57e240,0x00000000ec300000)
  from space 7168K, 4% used [0x00000000ec300000,0x00000000ec350000,0x00000000eca00000)
  to   space 7168K, 0% used [0x00000000eca00000,0x00000000eca00000,0x00000000ed100000)
 ParOldGen       total 44032K, used 7564K [0x00000000c1800000, 0x00000000c4300000, 0x00000000eb300000)
  object space 44032K, 17% used [0x00000000c1800000,0x00000000c1f631b8,0x00000000c4300000)
 Metaspace       used 16192K, capacity 16422K, committed 16640K, reserved 1064960K
  class space    used 1936K, capacity 1996K, committed 2048K, reserved 1048576K
GC Heap History (10 events):
Event: 5.190 GC heap before
{Heap before GC invocations=3 (full 0):
 PSYoungGen      total 18944K, used 18245K [0x00000000eb300000, 0x00000000ec800000, 0x0000000100000000)
  eden space 16384K, 95% used [0x00000000eb300000,0x00000000ec255710,0x00000000ec300000)
  from space 2560K, 99% used [0x00000000ec580000,0x00000000ec7fc010,0x00000000ec800000)
  to   space 2560K, 0% used [0x00000000ec300000,0x00000000ec300000,0x00000000ec580000)
 ParOldGen       total 44032K, used 4986K [0x00000000c1800000, 0x00000000c4300000, 0x00000000eb300000)
  object space 44032K, 11% used [0x00000000c1800000,0x00000000c1cde8f8,0x00000000c4300000)
 Metaspace       used 15524K, capacity 15682K, committed 15872K, reserved 1062912K
  class space    used 1900K, capacity 1964K, committed 2048K, reserved 1048576K
Event: 5.198 GC heap after
Heap after GC invocations=3 (full 0):
 PSYoungGen      total 18944K, used 2544K [0x00000000eb300000, 0x00000000ec800000, 0x0000000100000000)
  eden space 16384K, 0% used [0x00000000eb300000,0x00000000eb300000,0x00000000ec300000)
  from space 2560K, 99% used [0x00000000ec300000,0x00000000ec57c010,0x00000000ec580000)
  to   space 2560K, 0% used [0x00000000ec580000,0x00000000ec580000,0x00000000ec800000)
 ParOldGen       total 44032K, used 5092K [0x00000000c1800000, 0x00000000c4300000, 0x00000000eb300000)
  object space 44032K, 11% used [0x00000000c1800000,0x00000000c1cf9388,0x00000000c4300000)
 Metaspace       used 15524K, capacity 15682K, committed 15872K, reserved 1062912K
  class space    used 1900K, capacity 1964K, committed 2048K, reserved 1048576K
}
Event: 7.318 GC heap before
{Heap before GC invocations=4 (full 0):
 PSYoungGen      total 18944K, used 18266K [0x00000000eb300000, 0x00000000ec800000, 0x0000000100000000)
  eden space 16384K, 95% used [0x00000000eb300000,0x00000000ec25a8a0,0x00000000ec300000)
  from space 2560K, 99% used [0x00000000ec300000,0x00000000ec57c010,0x00000000ec580000)
  to   space 2560K, 0% used [0x00000000ec580000,0x00000000ec580000,0x00000000ec800000)
 ParOldGen       total 44032K, used 5092K [0x00000000c1800000, 0x00000000c4300000, 0x00000000eb300000)
  object space 44032K, 11% used [0x00000000c1800000,0x00000000c1cf9388,0x00000000c4300000)
 Metaspace       used 15609K, capacity 15810K, committed 16128K, reserved 1062912K
  class space    used 1901K, capacity 1964K, committed 2048K, reserved 1048576K
Event: 7.325 GC heap after
Heap after GC invocations=4 (full 0):
 PSYoungGen      total 18944K, used 2544K [0x00000000eb300000, 0x00000000ec800000, 0x0000000100000000)
  eden space 16384K, 0% used [0x00000000eb300000,0x00000000eb300000,0x00000000ec300000)
  from space 2560K, 99% used [0x00000000ec580000,0x00000000ec7fc010,0x00000000ec800000)
  to   space 2560K, 0% used [0x00000000ec300000,0x00000000ec300000,0x00000000ec580000)
 ParOldGen       total 44032K, used 5124K [0x00000000c1800000, 0x00000000c4300000, 0x00000000eb300000)
  object space 44032K, 11% used [0x00000000c1800000,0x00000000c1d01388,0x00000000c4300000)
 Metaspace       used 15609K, capacity 15810K, committed 16128K, reserved 1062912K
  class space    used 1901K, capacity 1964K, committed 2048K, reserved 1048576K
}
Event: 9.191 GC heap before
{Heap before GC invocations=5 (full 0):
 PSYoungGen      total 18944K, used 18286K [0x00000000eb300000, 0x00000000ec800000, 0x0000000100000000)
  eden space 16384K, 96% used [0x00000000eb300000,0x00000000ec25f930,0x00000000ec300000)
  from space 2560K, 99% used [0x00000000ec580000,0x00000000ec7fc010,0x00000000ec800000)
  to   space 2560K, 0% used [0x00000000ec300000,0x00000000ec300000,0x00000000ec580000)
 ParOldGen       total 44032K, used 5124K [0x00000000c1800000, 0x00000000c4300000, 0x00000000eb300000)
  object space 44032K, 11% used [0x00000000c1800000,0x00000000c1d01388,0x00000000c4300000)
 Metaspace       used 15810K, capacity 16006K, committed 16384K, reserved 1062912K
  class space    used 1902K, capacity 1964K, committed 2048K, reserved 1048576K
Event: 9.198 GC heap after
Heap after GC invocations=5 (full 0):
 PSYoungGen      total 18944K, used 2544K [0x00000000eb300000, 0x00000000ed100000, 0x0000000100000000)
  eden space 16384K, 0% used [0x00000000eb300000,0x00000000eb300000,0x00000000ec300000)
  from space 2560K, 99% used [0x00000000ec300000,0x00000000ec57c010,0x00000000ec580000)
  to   space 7168K, 0% used [0x00000000eca00000,0x00000000eca00000,0x00000000ed100000)
 ParOldGen       total 44032K, used 5156K [0x00000000c1800000, 0x00000000c4300000, 0x00000000eb300000)
  object space 44032K, 11% used [0x00000000c1800000,0x00000000c1d09388,0x00000000c4300000)
 Metaspace       used 15810K, capacity 16006K, committed 16384K, reserved 1062912K
  class space    used 1902K, capacity 1964K, committed 2048K, reserved 1048576K
}
Event: 11.196 GC heap before
{Heap before GC invocations=6 (full 0):
 PSYoungGen      total 18944K, used 18395K [0x00000000eb300000, 0x00000000ed100000, 0x0000000100000000)
  eden space 16384K, 96% used [0x00000000eb300000,0x00000000ec27aee0,0x00000000ec300000)
  from space 2560K, 99% used [0x00000000ec300000,0x00000000ec57c010,0x00000000ec580000)
  to   space 7168K, 0% used [0x00000000eca00000,0x00000000eca00000,0x00000000ed100000)
 ParOldGen       total 44032K, used 5156K [0x00000000c1800000, 0x00000000c4300000, 0x00000000eb300000)
  object space 44032K, 11% used [0x00000000c1800000,0x00000000c1d09388,0x00000000c4300000)
 Metaspace       used 15982K, capacity 16166K, committed 16384K, reserved 1062912K
  class space    used 1925K, capacity 1996K, committed 2048K, reserved 1048576K
Event: 11.204 GC heap after
Heap after GC invocations=6 (full 0):
 PSYoungGen      total 23552K, used 2608K [0x00000000eb300000, 0x00000000ed100000, 0x0000000100000000)
  eden space 16384K, 0% used [0x00000000eb300000,0x00000000eb300000,0x00000000ec300000)
  from space 7168K, 36% used [0x00000000eca00000,0x00000000ecc8c010,0x00000000ed100000)
  to   space 7168K, 0% used [0x00000000ec300000,0x00000000ec300000,0x00000000eca00000)
 ParOldGen       total 44032K, used 5164K [0x00000000c1800000, 0x00000000c4300000, 0x00000000eb300000)
  object space 44032K, 11% used [0x00000000c1800000,0x00000000c1d0b388,0x00000000c4300000)
 Metaspace       used 15982K, capacity 16166K, committed 16384K, reserved 1062912K
  class space    used 1925K, capacity 1996K, committed 2048K, reserved 1048576K
}
Event: 13.186 GC heap before
{Heap before GC invocations=7 (full 0):
 PSYoungGen      total 23552K, used 18132K [0x00000000eb300000, 0x00000000ed100000, 0x0000000100000000)
  eden space 16384K, 94% used [0x00000000eb300000,0x00000000ec229190,0x00000000ec300000)
  from space 7168K, 36% used [0x00000000eca00000,0x00000000ecc8c010,0x00000000ed100000)
  to   space 7168K, 0% used [0x00000000ec300000,0x00000000ec300000,0x00000000eca00000)
 ParOldGen       total 44032K, used 5164K [0x00000000c1800000, 0x00000000c4300000, 0x00000000eb300000)
  object space 44032K, 11% used [0x00000000c1800000,0x00000000c1d0b388,0x00000000c4300000)
 Metaspace       used 16156K, capacity 16294K, committed 16640K, reserved 1064960K
  class space    used 1936K, capacity 1996K, committed 2048K, reserved 1048576K
Event: 13.190 GC heap after
Heap after GC invocations=7 (full 0):
 PSYoungGen      total 23552K, used 320K [0x00000000eb300000, 0x00000000ed100000, 0x0000000100000000)
  eden space 16384K, 0% used [0x00000000eb300000,0x00000000eb300000,0x00000000ec300000)
  from space 7168K, 4% used [0x00000000ec300000,0x00000000ec350000,0x00000000eca00000)
  to   space 7168K, 0% used [0x00000000eca00000,0x00000000eca00000,0x00000000ed100000)
 ParOldGen       total 44032K, used 7564K [0x00000000c1800000, 0x00000000c4300000, 0x00000000eb300000)
  object space 44032K, 17% used [0x00000000c1800000,0x00000000c1f631b8,0x00000000c4300000)
 Metaspace       used 16156K, capacity 16294K, committed 16640K, reserved 1064960K
  class space    used 1936K, capacity 1996K, committed 2048K, reserved 1048576K
}

