# JRE version: Java(TM) SE Runtime Environment (8.0_91-b14) (build 1.8.0_91-b14)
# Java VM: Java HotSpot(TM) 64-Bit Server VM (25.91-b14 mixed mode windows-amd64 compressed oops)
Heap:
 PSYoungGen      total 24576K, used 2143K [0x00000000eb300000, 0x00000000ed500000, 0x0000000100000000)
  eden space 15872K, 11% used [0x00000000eb300000,0x00000000eb4c7f38,0x00000000ec280000)
  from space 8704K, 3% used [0x00000000ecb80000,0x00000000ecbd0000,0x00000000ed400000)
  to   space 9216K, 0% used [0x00000000ec280000,0x00000000ec280000,0x00000000ecb80000)
 ParOldGen       total 44032K, used 18160K [0x00000000c1800000, 0x00000000c4300000, 0x00000000eb300000)
  object space 44032K, 41% used [0x00000000c1800000,0x00000000c29bc2a0,0x00000000c4300000)
 Metaspace       used 16115K, capacity 16326K, committed 16640K, reserved 1064960K
  class space    used 1954K, capacity 2028K, committed 2048K, reserved 1048576K
GC Heap History (10 events):
Event: 5.224 GC heap before
{Heap before GC invocations=4 (full 0):
 PSYoungGen      total 18944K, used 18425K [0x00000000eb300000, 0x00000000ed600000, 0x0000000100000000)
  eden space 16384K, 96% used [0x00000000eb300000,0x00000000ec283ea8,0x00000000ec300000)
  from space 2560K, 99% used [0x00000000ec300000,0x00000000ec57a710,0x00000000ec580000)
  to   space 2560K, 0% used [0x00000000ed380000,0x00000000ed380000,0x00000000ed600000)
 ParOldGen       total 44032K, used 3396K [0x00000000c1800000, 0x00000000c4300000, 0x00000000eb300000)
  object space 44032K, 7% used [0x00000000c1800000,0x00000000c1b51020,0x00000000c4300000)
 Metaspace       used 15739K, capacity 15906K, committed 16128K, reserved 1062912K
  class space    used 1919K, capacity 1996K, committed 2048K, reserved 1048576K
Event: 5.227 GC heap after
Heap after GC invocations=4 (full 0):
 PSYoungGen      total 18944K, used 2537K [0x00000000eb300000, 0x00000000ed600000, 0x0000000100000000)
  eden space 16384K, 0% used [0x00000000eb300000,0x00000000eb300000,0x00000000ec300000)
  from space 2560K, 99% used [0x00000000ed380000,0x00000000ed5fa710,0x00000000ed600000)
  to   space 2560K, 0% used [0x00000000ec300000,0x00000000ec300000,0x00000000ec580000)
 ParOldGen       total 44032K, used 4925K [0x00000000c1800000, 0x00000000c4300000, 0x00000000eb300000)
  object space 44032K, 11% used [0x00000000c1800000,0x00000000c1ccf6e0,0x00000000c4300000)
 Metaspace       used 15739K, capacity 15906K, committed 16128K, reserved 1062912K
  class space    used 1919K, capacity 1996K, committed 2048K, reserved 1048576K
}
Event: 6.237 GC heap before
{Heap before GC invocations=5 (full 0):
 PSYoungGen      total 18944K, used 17728K [0x00000000eb300000, 0x00000000ed600000, 0x0000000100000000)
  eden space 16384K, 92% used [0x00000000eb300000,0x00000000ec1d5990,0x00000000ec300000)
  from space 2560K, 99% used [0x00000000ed380000,0x00000000ed5fa710,0x00000000ed600000)
  to   space 2560K, 0% used [0x00000000ec300000,0x00000000ec300000,0x00000000ec580000)
 ParOldGen       total 44032K, used 4925K [0x00000000c1800000, 0x00000000c4300000, 0x00000000eb300000)
  object space 44032K, 11% used [0x00000000c1800000,0x00000000c1ccf6e0,0x00000000c4300000)
 Metaspace       used 15866K, capacity 16066K, committed 16384K, reserved 1062912K
  class space    used 1943K, capacity 2028K, committed 2048K, reserved 1048576K
Event: 6.243 GC heap after
Heap after GC invocations=5 (full 0):
 PSYoungGen      total 18944K, used 2537K [0x00000000eb300000, 0x00000000ed400000, 0x0000000100000000)
  eden space 16384K, 0% used [0x00000000eb300000,0x00000000eb300000,0x00000000ec300000)
  from space 2560K, 99% used [0x00000000ec300000,0x00000000ec57a710,0x00000000ec580000)
  to   space 7680K, 0% used [0x00000000ecc80000,0x00000000ecc80000,0x00000000ed400000)
 ParOldGen       total 44032K, used 9398K [0x00000000c1800000, 0x00000000c4300000, 0x00000000eb300000)
  object space 44032K, 21% used [0x00000000c1800000,0x00000000c212dab0,0x00000000c4300000)
 Metaspace       used 15866K, capacity 16066K, committed 16384K, reserved 1062912K
  class space    used 1943K, capacity 2028K, committed 2048K, reserved 1048576K
}
Event: 7.229 GC heap before
{Heap before GC invocations=6 (full 0):
 PSYoungGen      total 18944K, used 18318K [0x00000000eb300000, 0x00000000ed400000, 0x0000000100000000)
  eden space 16384K, 96% used [0x00000000eb300000,0x00000000ec2694e0,0x00000000ec300000)
  from space 2560K, 99% used [0x00000000ec300000,0x00000000ec57a710,0x00000000ec580000)
  to   space 7680K, 0% used [0x00000000ecc80000,0x00000000ecc80000,0x00000000ed400000)
 ParOldGen       total 44032K, used 9398K [0x00000000c1800000, 0x00000000c4300000, 0x00000000eb300000)
  object space 44032K, 21% used [0x00000000c1800000,0x00000000c212dab0,0x00000000c4300000)
 Metaspace       used 15944K, capacity 16134K, committed 16384K, reserved 1062912K
  class space    used 1943K, capacity 2028K, committed 2048K, reserved 1048576K
Event: 7.237 GC heap after
Heap after GC invocations=6 (full 0):
 PSYoungGen      total 23040K, used 6653K [0x00000000eb300000, 0x00000000ed300000, 0x0000000100000000)
  eden space 16384K, 0% used [0x00000000eb300000,0x00000000eb300000,0x00000000ec300000)
  from space 6656K, 99% used [0x00000000ecc80000,0x00000000ed2ff530,0x00000000ed300000)
  to   space 8192K, 0% used [0x00000000ec300000,0x00000000ec300000,0x00000000ecb00000)
 ParOldGen       total 44032K, used 13625K [0x00000000c1800000, 0x00000000c4300000, 0x00000000eb300000)
  object space 44032K, 30% used [0x00000000c1800000,0x00000000c254e5e0,0x00000000c4300000)
 Metaspace       used 15944K, capacity 16134K, committed 16384K, reserved 1062912K
  class space    used 1943K, capacity 2028K, committed 2048K, reserved 1048576K
}
Event: 8.327 GC heap before
{Heap before GC invocations=7 (full 0):
 PSYoungGen      total 23040K, used 22807K [0x00000000eb300000, 0x00000000ed300000, 0x0000000100000000)
  eden space 16384K, 98% used [0x00000000eb300000,0x00000000ec2c6780,0x00000000ec300000)
  from space 6656K, 99% used [0x00000000ecc80000,0x00000000ed2ff530,0x00000000ed300000)
  to   space 8192K, 0% used [0x00000000ec300000,0x00000000ec300000,0x00000000ecb00000)
 ParOldGen       total 44032K, used 13625K [0x00000000c1800000, 0x00000000c4300000, 0x00000000eb300000)
  object space 44032K, 30% used [0x00000000c1800000,0x00000000c254e5e0,0x00000000c4300000)
 Metaspace       used 15995K, capacity 16198K, committed 16384K, reserved 1062912K
  class space    used 1943K, capacity 2028K, committed 2048K, reserved 1048576K
Event: 8.330 GC heap after
Heap after GC invocations=7 (full 0):
 PSYoungGen      total 24576K, used 256K [0x00000000eb300000, 0x00000000ed400000, 0x0000000100000000)
  eden space 16384K, 0% used [0x00000000eb300000,0x00000000eb300000,0x00000000ec300000)
  from space 8192K, 3% used [0x00000000ec300000,0x00000000ec340000,0x00000000ecb00000)
  to   space 8704K, 0% used [0x00000000ecb80000,0x00000000ecb80000,0x00000000ed400000)
 ParOldGen       total 44032K, used 18120K [0x00000000c1800000, 0x00000000c4300000, 0x00000000eb300000)
  object space 44032K, 41% used [0x00000000c1800000,0x00000000c29b22a0,0x00000000c4300000)
 Metaspace       used 15995K, capacity 16198K, committed 16384K, reserved 1062912K
  class space    used 1943K, capacity 2028K, committed 2048K, reserved 1048576K
}
Event: 9.336 GC heap before
{Heap before GC invocations=8 (full 0):
 PSYoungGen      total 24576K, used 15728K [0x00000000eb300000, 0x00000000ed400000, 0x0000000100000000)
  eden space 16384K, 94% used [0x00000000eb300000,0x00000000ec21c308,0x00000000ec300000)
  from space 8192K, 3% used [0x00000000ec300000,0x00000000ec340000,0x00000000ecb00000)
  to   space 8704K, 0% used [0x00000000ecb80000,0x00000000ecb80000,0x00000000ed400000)
 ParOldGen       total 44032K, used 18120K [0x00000000c1800000, 0x00000000c4300000, 0x00000000eb300000)
  object space 44032K, 41% used [0x00000000c1800000,0x00000000c29b22a0,0x00000000c4300000)
 Metaspace       used 16102K, capacity 16262K, committed 16384K, reserved 1062912K
  class space    used 1954K, capacity 2028K, committed 2048K, reserved 1048576K
Event: 9.337 GC heap after
Heap after GC invocations=8 (full 0):
 PSYoungGen      total 24576K, used 320K [0x00000000eb300000, 0x00000000ed500000, 0x0000000100000000)
  eden space 15872K, 0% used [0x00000000eb300000,0x00000000eb300000,0x00000000ec280000)
  from space 8704K, 3% used [0x00000000ecb80000,0x00000000ecbd0000,0x00000000ed400000)
  to   space 9216K, 0% used [0x00000000ec280000,0x00000000ec280000,0x00000000ecb80000)
 ParOldGen       total 44032K, used 18160K [0x00000000c1800000, 0x00000000c4300000, 0x00000000eb300000)
  object space 44032K, 41% used [0x00000000c1800000,0x00000000c29bc2a0,0x00000000c4300000)
 Metaspace       used 16102K, capacity 16262K, committed 16384K, reserved 1062912K
  class space    used 1954K, capacity 2028K, committed 2048K, reserved 1048576K
}

