# JRE version: Java(TM) SE Runtime Environment (8.0_91-b14) (build 1.8.0_91-b14)
# Java VM: Java HotSpot(TM) 64-Bit Server VM (25.91-b14 mixed mode windows-amd64 compressed oops)
Heap:
 PSYoungGen      total 23040K, used 1729K [0x00000000eb300000, 0x00000000ed000000, 0x0000000100000000)
  eden space 16384K, 8% used [0x00000000eb300000,0x00000000eb450768,0x00000000ec300000)
  from space 6656K, 5% used [0x00000000ec980000,0x00000000ec9e0000,0x00000000ed000000)
  to   space 6656K, 0% used [0x00000000ec300000,0x00000000ec300000,0x00000000ec980000)
 ParOldGen       total 44032K, used 10085K [0x00000000c1800000, 0x00000000c4300000, 0x00000000eb300000)
  object space 44032K, 22% used [0x00000000c1800000,0x00000000c21d95e0,0x00000000c4300000)
 Metaspace       used 16535K, capacity 16718K, committed 16896K, reserved 1064960K
  class space    used 1962K, capacity 2028K, committed 2048K, reserved 1048576K
GC Heap History (10 events):
Event: 13.201 GC heap before
{Heap before GC invocations=8 (full 0):
 PSYoungGen      total 18432K, used 17783K [0x00000000eb300000, 0x00000000ed000000, 0x0000000100000000)
  eden space 16384K, 97% used [0x00000000eb300000,0x00000000ec29df00,0x00000000ec300000)
  from space 2048K, 87% used [0x00000000ec300000,0x00000000ec4c0000,0x00000000ec500000)
  to   space 6656K, 0% used [0x00000000ec980000,0x00000000ec980000,0x00000000ed000000)
 ParOldGen       total 44032K, used 7737K [0x00000000c1800000, 0x00000000c4300000, 0x00000000eb300000)
  object space 44032K, 17% used [0x00000000c1800000,0x00000000c1f8e5b0,0x00000000c4300000)
 Metaspace       used 16034K, capacity 16230K, committed 16384K, reserved 1062912K
  class space    used 1925K, capacity 1996K, committed 2048K, reserved 1048576K
Event: 13.203 GC heap after
Heap after GC invocations=8 (full 0):
 PSYoungGen      total 23040K, used 2176K [0x00000000eb300000, 0x00000000ed000000, 0x0000000100000000)
  eden space 16384K, 0% used [0x00000000eb300000,0x00000000eb300000,0x00000000ec300000)
  from space 6656K, 32% used [0x00000000ec980000,0x00000000ecba0000,0x00000000ed000000)
  to   space 6656K, 0% used [0x00000000ec300000,0x00000000ec300000,0x00000000ec980000)
 ParOldGen       total 44032K, used 7914K [0x00000000c1800000, 0x00000000c4300000, 0x00000000eb300000)
  object space 44032K, 17% used [0x00000000c1800000,0x00000000c1fbab70,0x00000000c4300000)
 Metaspace       used 16034K, capacity 16230K, committed 16384K, reserved 1062912K
  class space    used 1925K, capacity 1996K, committed 2048K, reserved 1048576K
}
Event: 14.802 GC heap before
{Heap before GC invocations=9 (full 0):
 PSYoungGen      total 23040K, used 18203K [0x00000000eb300000, 0x00000000ed000000, 0x0000000100000000)
  eden space 16384K, 97% used [0x00000000eb300000,0x00000000ec2a6fd0,0x00000000ec300000)
  from space 6656K, 32% used [0x00000000ec980000,0x00000000ecba0000,0x00000000ed000000)
  to   space 6656K, 0% used [0x00000000ec300000,0x00000000ec300000,0x00000000ec980000)
 ParOldGen       total 44032K, used 7914K [0x00000000c1800000, 0x00000000c4300000, 0x00000000eb300000)
  object space 44032K, 17% used [0x00000000c1800000,0x00000000c1fbab70,0x00000000c4300000)
 Metaspace       used 16172K, capacity 16358K, committed 16640K, reserved 1064960K
  class space    used 1925K, capacity 1996K, committed 2048K, reserved 1048576K
Event: 14.804 GC heap after
Heap after GC invocations=9 (full 0):
 PSYoungGen      total 23040K, used 2400K [0x00000000eb300000, 0x00000000ed000000, 0x0000000100000000)
  eden space 16384K, 0% used [0x00000000eb300000,0x00000000eb300000,0x00000000ec300000)
  from space 6656K, 36% used [0x00000000ec300000,0x00000000ec558000,0x00000000ec980000)
  to   space 6656K, 0% used [0x00000000ec980000,0x00000000ec980000,0x00000000ed000000)
 ParOldGen       total 44032K, used 8142K [0x00000000c1800000, 0x00000000c4300000, 0x00000000eb300000)
  object space 44032K, 18% used [0x00000000c1800000,0x00000000c1ff3830,0x00000000c4300000)
 Metaspace       used 16172K, capacity 16358K, committed 16640K, reserved 1064960K
  class space    used 1925K, capacity 1996K, committed 2048K, reserved 1048576K
}
Event: 16.091 GC heap before
{Heap before GC invocations=10 (full 0):
 PSYoungGen      total 23040K, used 18515K [0x00000000eb300000, 0x00000000ed000000, 0x0000000100000000)
  eden space 16384K, 98% used [0x00000000eb300000,0x00000000ec2bcc48,0x00000000ec300000)
  from space 6656K, 36% used [0x00000000ec300000,0x00000000ec558000,0x00000000ec980000)
  to   space 6656K, 0% used [0x00000000ec980000,0x00000000ec980000,0x00000000ed000000)
 ParOldGen       total 44032K, used 8142K [0x00000000c1800000, 0x00000000c4300000, 0x00000000eb300000)
  object space 44032K, 18% used [0x00000000c1800000,0x00000000c1ff3830,0x00000000c4300000)
 Metaspace       used 16208K, capacity 16422K, committed 16640K, reserved 1064960K
  class space    used 1929K, capacity 1996K, committed 2048K, reserved 1048576K
Event: 16.093 GC heap after
Heap after GC invocations=10 (full 0):
 PSYoungGen      total 23040K, used 736K [0x00000000eb300000, 0x00000000ed000000, 0x0000000100000000)
  eden space 16384K, 0% used [0x00000000eb300000,0x00000000eb300000,0x00000000ec300000)
  from space 6656K, 11% used [0x00000000ec980000,0x00000000eca38000,0x00000000ed000000)
  to   space 6656K, 0% used [0x00000000ec300000,0x00000000ec300000,0x00000000ec980000)
 ParOldGen       total 44032K, used 9550K [0x00000000c1800000, 0x00000000c4300000, 0x00000000eb300000)
  object space 44032K, 21% used [0x00000000c1800000,0x00000000c21539c0,0x00000000c4300000)
 Metaspace       used 16208K, capacity 16422K, committed 16640K, reserved 1064960K
  class space    used 1929K, capacity 1996K, committed 2048K, reserved 1048576K
}
Event: 17.206 GC heap before
{Heap before GC invocations=11 (full 0):
 PSYoungGen      total 23040K, used 16528K [0x00000000eb300000, 0x00000000ed000000, 0x0000000100000000)
  eden space 16384K, 96% used [0x00000000eb300000,0x00000000ec26c3b8,0x00000000ec300000)
  from space 6656K, 11% used [0x00000000ec980000,0x00000000eca38000,0x00000000ed000000)
  to   space 6656K, 0% used [0x00000000ec300000,0x00000000ec300000,0x00000000ec980000)
 ParOldGen       total 44032K, used 9550K [0x00000000c1800000, 0x00000000c4300000, 0x00000000eb300000)
  object space 44032K, 21% used [0x00000000c1800000,0x00000000c21539c0,0x00000000c4300000)
 Metaspace       used 16225K, capacity 16422K, committed 16640K, reserved 1064960K
  class space    used 1929K, capacity 1996K, committed 2048K, reserved 1048576K
Event: 17.207 GC heap after
Heap after GC invocations=11 (full 0):
 PSYoungGen      total 23040K, used 128K [0x00000000eb300000, 0x00000000ed000000, 0x0000000100000000)
  eden space 16384K, 0% used [0x00000000eb300000,0x00000000eb300000,0x00000000ec300000)
  from space 6656K, 1% used [0x00000000ec300000,0x00000000ec320000,0x00000000ec980000)
  to   space 6656K, 0% used [0x00000000ec980000,0x00000000ec980000,0x00000000ed000000)
 ParOldGen       total 44032K, used 10061K [0x00000000c1800000, 0x00000000c4300000, 0x00000000eb300000)
  object space 44032K, 22% used [0x00000000c1800000,0x00000000c21d35e0,0x00000000c4300000)
 Metaspace       used 16225K, capacity 16422K, committed 16640K, reserved 1064960K
  class space    used 1929K, capacity 1996K, committed 2048K, reserved 1048576K
}
Event: 21.967 GC heap before
{Heap before GC invocations=12 (full 0):
 PSYoungGen      total 23040K, used 16450K [0x00000000eb300000, 0x00000000ed000000, 0x0000000100000000)
  eden space 16384K, 99% used [0x00000000eb300000,0x00000000ec2f0af8,0x00000000ec300000)
  from space 6656K, 1% used [0x00000000ec300000,0x00000000ec320000,0x00000000ec980000)
  to   space 6656K, 0% used [0x00000000ec980000,0x00000000ec980000,0x00000000ed000000)
 ParOldGen       total 44032K, used 10061K [0x00000000c1800000, 0x00000000c4300000, 0x00000000eb300000)
  object space 44032K, 22% used [0x00000000c1800000,0x00000000c21d35e0,0x00000000c4300000)
 Metaspace       used 16535K, capacity 16718K, committed 16896K, reserved 1064960K
  class space    used 1962K, capacity 2028K, committed 2048K, reserved 1048576K
Event: 21.968 GC heap after
Heap after GC invocations=12 (full 0):
 PSYoungGen      total 23040K, used 384K [0x00000000eb300000, 0x00000000ed000000, 0x0000000100000000)
  eden space 16384K, 0% used [0x00000000eb300000,0x00000000eb300000,0x00000000ec300000)
  from space 6656K, 5% used [0x00000000ec980000,0x00000000ec9e0000,0x00000000ed000000)
  to   space 6656K, 0% used [0x00000000ec300000,0x00000000ec300000,0x00000000ec980000)
 ParOldGen       total 44032K, used 10085K [0x00000000c1800000, 0x00000000c4300000, 0x00000000eb300000)
  object space 44032K, 22% used [0x00000000c1800000,0x00000000c21d95e0,0x00000000c4300000)
 Metaspace       used 16535K, capacity 16718K, committed 16896K, reserved 1064960K
  class space    used 1962K, capacity 2028K, committed 2048K, reserved 1048576K
}

