# JRE version: Java(TM) SE Runtime Environment (8.0_91-b14) (build 1.8.0_91-b14)
# Java VM: Java HotSpot(TM) 64-Bit Server VM (25.91-b14 mixed mode windows-amd64 compressed oops)
Heap:
 PSYoungGen      total 21504K, used 1667K [0x00000000eb300000, 0x00000000ece00000, 0x0000000100000000)
  eden space 16384K, 8% used [0x00000000eb300000,0x00000000eb450c98,0x00000000ec300000)
  from space 5120K, 6% used [0x00000000ec300000,0x00000000ec350000,0x00000000ec800000)
  to   space 5632K, 0% used [0x00000000ec880000,0x00000000ec880000,0x00000000ece00000)
 ParOldGen       total 44032K, used 5339K [0x00000000c1800000, 0x00000000c4300000, 0x00000000eb300000)
  object space 44032K, 12% used [0x00000000c1800000,0x00000000c1d36fd0,0x00000000c4300000)
 Metaspace       used 16350K, capacity 16550K, committed 16896K, reserved 1064960K
  class space    used 1948K, capacity 1996K, committed 2048K, reserved 1048576K
GC Heap History (10 events):
Event: 8.131 GC heap before
{Heap before GC invocations=5 (full 0):
 PSYoungGen      total 18944K, used 18943K [0x00000000eb300000, 0x00000000ec800000, 0x0000000100000000)
  eden space 16384K, 100% used [0x00000000eb300000,0x00000000ec300000,0x00000000ec300000)
  from space 2560K, 99% used [0x00000000ec580000,0x00000000ec7ffc20,0x00000000ec800000)
  to   space 2560K, 0% used [0x00000000ec300000,0x00000000ec300000,0x00000000ec580000)
 ParOldGen       total 44032K, used 2753K [0x00000000c1800000, 0x00000000c4300000, 0x00000000eb300000)
  object space 44032K, 6% used [0x00000000c1800000,0x00000000c1ab0500,0x00000000c4300000)
 Metaspace       used 15953K, capacity 16166K, committed 16384K, reserved 1062912K
  class space    used 1937K, capacity 1996K, committed 2048K, reserved 1048576K
Event: 8.136 GC heap after
Heap after GC invocations=5 (full 0):
 PSYoungGen      total 18944K, used 2559K [0x00000000eb300000, 0x00000000ecc00000, 0x0000000100000000)
  eden space 16384K, 0% used [0x00000000eb300000,0x00000000eb300000,0x00000000ec300000)
  from space 2560K, 99% used [0x00000000ec300000,0x00000000ec57fc20,0x00000000ec580000)
  to   space 4608K, 0% used [0x00000000ec780000,0x00000000ec780000,0x00000000ecc00000)
 ParOldGen       total 44032K, used 2777K [0x00000000c1800000, 0x00000000c4300000, 0x00000000eb300000)
  object space 44032K, 6% used [0x00000000c1800000,0x00000000c1ab6500,0x00000000c4300000)
 Metaspace       used 15953K, capacity 16166K, committed 16384K, reserved 1062912K
  class space    used 1937K, capacity 1996K, committed 2048K, reserved 1048576K
}
Event: 9.753 GC heap before
{Heap before GC invocations=6 (full 0):
 PSYoungGen      total 18944K, used 18746K [0x00000000eb300000, 0x00000000ecc00000, 0x0000000100000000)
  eden space 16384K, 98% used [0x00000000eb300000,0x00000000ec2cee18,0x00000000ec300000)
  from space 2560K, 99% used [0x00000000ec300000,0x00000000ec57fc20,0x00000000ec580000)
  to   space 4608K, 0% used [0x00000000ec780000,0x00000000ec780000,0x00000000ecc00000)
 ParOldGen       total 44032K, used 2777K [0x00000000c1800000, 0x00000000c4300000, 0x00000000eb300000)
  object space 44032K, 6% used [0x00000000c1800000,0x00000000c1ab6500,0x00000000c4300000)
 Metaspace       used 16026K, capacity 16230K, committed 16384K, reserved 1062912K
  class space    used 1937K, capacity 1996K, committed 2048K, reserved 1048576K
Event: 9.756 GC heap after
Heap after GC invocations=6 (full 0):
 PSYoungGen      total 20992K, used 2655K [0x00000000eb300000, 0x00000000ecc00000, 0x0000000100000000)
  eden space 16384K, 0% used [0x00000000eb300000,0x00000000eb300000,0x00000000ec300000)
  from space 4608K, 57% used [0x00000000ec780000,0x00000000eca17c20,0x00000000ecc00000)
  to   space 4608K, 0% used [0x00000000ec300000,0x00000000ec300000,0x00000000ec780000)
 ParOldGen       total 44032K, used 2785K [0x00000000c1800000, 0x00000000c4300000, 0x00000000eb300000)
  object space 44032K, 6% used [0x00000000c1800000,0x00000000c1ab8500,0x00000000c4300000)
 Metaspace       used 16026K, capacity 16230K, committed 16384K, reserved 1062912K
  class space    used 1937K, capacity 1996K, committed 2048K, reserved 1048576K
}
Event: 11.359 GC heap before
{Heap before GC invocations=7 (full 0):
 PSYoungGen      total 20992K, used 18349K [0x00000000eb300000, 0x00000000ecc00000, 0x0000000100000000)
  eden space 16384K, 95% used [0x00000000eb300000,0x00000000ec253830,0x00000000ec300000)
  from space 4608K, 57% used [0x00000000ec780000,0x00000000eca17c20,0x00000000ecc00000)
  to   space 4608K, 0% used [0x00000000ec300000,0x00000000ec300000,0x00000000ec780000)
 ParOldGen       total 44032K, used 2785K [0x00000000c1800000, 0x00000000c4300000, 0x00000000eb300000)
  object space 44032K, 6% used [0x00000000c1800000,0x00000000c1ab8500,0x00000000c4300000)
 Metaspace       used 16115K, capacity 16294K, committed 16640K, reserved 1064960K
  class space    used 1937K, capacity 1996K, committed 2048K, reserved 1048576K
Event: 11.364 GC heap after
Heap after GC invocations=7 (full 0):
 PSYoungGen      total 20992K, used 192K [0x00000000eb300000, 0x00000000ecd00000, 0x0000000100000000)
  eden space 16384K, 0% used [0x00000000eb300000,0x00000000eb300000,0x00000000ec300000)
  from space 4608K, 4% used [0x00000000ec300000,0x00000000ec330000,0x00000000ec780000)
  to   space 5120K, 0% used [0x00000000ec800000,0x00000000ec800000,0x00000000ecd00000)
 ParOldGen       total 44032K, used 5243K [0x00000000c1800000, 0x00000000c4300000, 0x00000000eb300000)
  object space 44032K, 11% used [0x00000000c1800000,0x00000000c1d1efd0,0x00000000c4300000)
 Metaspace       used 16115K, capacity 16294K, committed 16640K, reserved 1064960K
  class space    used 1937K, capacity 1996K, committed 2048K, reserved 1048576K
}
Event: 13.065 GC heap before
{Heap before GC invocations=8 (full 0):
 PSYoungGen      total 20992K, used 16491K [0x00000000eb300000, 0x00000000ecd00000, 0x0000000100000000)
  eden space 16384K, 99% used [0x00000000eb300000,0x00000000ec2eafe8,0x00000000ec300000)
  from space 4608K, 4% used [0x00000000ec300000,0x00000000ec330000,0x00000000ec780000)
  to   space 5120K, 0% used [0x00000000ec800000,0x00000000ec800000,0x00000000ecd00000)
 ParOldGen       total 44032K, used 5243K [0x00000000c1800000, 0x00000000c4300000, 0x00000000eb300000)
  object space 44032K, 11% used [0x00000000c1800000,0x00000000c1d1efd0,0x00000000c4300000)
 Metaspace       used 16166K, capacity 16358K, committed 16640K, reserved 1064960K
  class space    used 1937K, capacity 1996K, committed 2048K, reserved 1048576K
Event: 13.066 GC heap after
Heap after GC invocations=8 (full 0):
 PSYoungGen      total 21504K, used 224K [0x00000000eb300000, 0x00000000ecd00000, 0x0000000100000000)
  eden space 16384K, 0% used [0x00000000eb300000,0x00000000eb300000,0x00000000ec300000)
  from space 5120K, 4% used [0x00000000ec800000,0x00000000ec838000,0x00000000ecd00000)
  to   space 5120K, 0% used [0x00000000ec300000,0x00000000ec300000,0x00000000ec800000)
 ParOldGen       total 44032K, used 5307K [0x00000000c1800000, 0x00000000c4300000, 0x00000000eb300000)
  object space 44032K, 12% used [0x00000000c1800000,0x00000000c1d2efd0,0x00000000c4300000)
 Metaspace       used 16166K, capacity 16358K, committed 16640K, reserved 1064960K
  class space    used 1937K, capacity 1996K, committed 2048K, reserved 1048576K
}
Event: 14.667 GC heap before
{Heap before GC invocations=9 (full 0):
 PSYoungGen      total 21504K, used 16324K [0x00000000eb300000, 0x00000000ecd00000, 0x0000000100000000)
  eden space 16384K, 98% used [0x00000000eb300000,0x00000000ec2b90b0,0x00000000ec300000)
  from space 5120K, 4% used [0x00000000ec800000,0x00000000ec838000,0x00000000ecd00000)
  to   space 5120K, 0% used [0x00000000ec300000,0x00000000ec300000,0x00000000ec800000)
 ParOldGen       total 44032K, used 5307K [0x00000000c1800000, 0x00000000c4300000, 0x00000000eb300000)
  object space 44032K, 12% used [0x00000000c1800000,0x00000000c1d2efd0,0x00000000c4300000)
 Metaspace       used 16337K, capacity 16486K, committed 16640K, reserved 1064960K
  class space    used 1948K, capacity 1996K, committed 2048K, reserved 1048576K
Event: 14.668 GC heap after
Heap after GC invocations=9 (full 0):
 PSYoungGen      total 21504K, used 320K [0x00000000eb300000, 0x00000000ece00000, 0x0000000100000000)
  eden space 16384K, 0% used [0x00000000eb300000,0x00000000eb300000,0x00000000ec300000)
  from space 5120K, 6% used [0x00000000ec300000,0x00000000ec350000,0x00000000ec800000)
  to   space 5632K, 0% used [0x00000000ec880000,0x00000000ec880000,0x00000000ece00000)
 ParOldGen       total 44032K, used 5339K [0x00000000c1800000, 0x00000000c4300000, 0x00000000eb300000)
  object space 44032K, 12% used [0x00000000c1800000,0x00000000c1d36fd0,0x00000000c4300000)
 Metaspace       used 16337K, capacity 16486K, committed 16640K, reserved 1064960K
  class space    used 1948K, capacity 1996K, committed 2048K, reserved 1048576K
}

