# JRE version: Java(TM) SE Runtime Environment (8.0_91-b14) (build 1.8.0_91-b14)
# Java VM: Java HotSpot(TM) 64-Bit Server VM (25.91-b14 mixed mode windows-amd64 compressed oops)
Heap:
 PSYoungGen      total 23040K, used 7671K [0x00000000eb300000, 0x00000000ed000000, 0x0000000100000000)
  eden space 16384K, 45% used [0x00000000eb300000,0x00000000eba3dff8,0x00000000ec300000)
  from space 6656K, 3% used [0x00000000ec980000,0x00000000ec9c0000,0x00000000ed000000)
  to   space 6656K, 0% used [0x00000000ec300000,0x00000000ec300000,0x00000000ec980000)
 ParOldGen       total 44032K, used 9367K [0x00000000c1800000, 0x00000000c4300000, 0x00000000eb300000)
  object space 44032K, 21% used [0x00000000c1800000,0x00000000c2125c18,0x00000000c4300000)
 Metaspace       used 15740K, capacity 15910K, committed 16128K, reserved 1062912K
  class space    used 1926K, capacity 1996K, committed 2048K, reserved 1048576K
GC Heap History (10 events):
Event: 6.343 GC heap before
{Heap before GC invocations=4 (full 0):
 PSYoungGen      total 18944K, used 18265K [0x00000000eb300000, 0x00000000ec800000, 0x0000000100000000)
  eden space 16384K, 95% used [0x00000000eb300000,0x00000000ec25bf90,0x00000000ec300000)
  from space 2560K, 99% used [0x00000000ec300000,0x00000000ec57a710,0x00000000ec580000)
  to   space 2560K, 0% used [0x00000000ec580000,0x00000000ec580000,0x00000000ec800000)
 ParOldGen       total 44032K, used 4481K [0x00000000c1800000, 0x00000000c4300000, 0x00000000eb300000)
  object space 44032K, 10% used [0x00000000c1800000,0x00000000c1c604b8,0x00000000c4300000)
 Metaspace       used 15390K, capacity 15554K, committed 15872K, reserved 1062912K
  class space    used 1898K, capacity 1964K, committed 2048K, reserved 1048576K
Event: 6.345 GC heap after
Heap after GC invocations=4 (full 0):
 PSYoungGen      total 18944K, used 2537K [0x00000000eb300000, 0x00000000ec800000, 0x0000000100000000)
  eden space 16384K, 0% used [0x00000000eb300000,0x00000000eb300000,0x00000000ec300000)
  from space 2560K, 99% used [0x00000000ec580000,0x00000000ec7fa710,0x00000000ec800000)
  to   space 2560K, 0% used [0x00000000ec300000,0x00000000ec300000,0x00000000ec580000)
 ParOldGen       total 44032K, used 4751K [0x00000000c1800000, 0x00000000c4300000, 0x00000000eb300000)
  object space 44032K, 10% used [0x00000000c1800000,0x00000000c1ca3c88,0x00000000c4300000)
 Metaspace       used 15390K, capacity 15554K, committed 15872K, reserved 1062912K
  class space    used 1898K, capacity 1964K, committed 2048K, reserved 1048576K
}
Event: 7.661 GC heap before
{Heap before GC invocations=5 (full 0):
 PSYoungGen      total 18944K, used 17678K [0x00000000eb300000, 0x00000000ec800000, 0x0000000100000000)
  eden space 16384K, 92% used [0x00000000eb300000,0x00000000ec1c9460,0x00000000ec300000)
  from space 2560K, 99% used [0x00000000ec580000,0x00000000ec7fa710,0x00000000ec800000)
  to   space 2560K, 0% used [0x00000000ec300000,0x00000000ec300000,0x00000000ec580000)
 ParOldGen       total 44032K, used 4751K [0x00000000c1800000, 0x00000000c4300000, 0x00000000eb300000)
  object space 44032K, 10% used [0x00000000c1800000,0x00000000c1ca3c88,0x00000000c4300000)
 Metaspace       used 15423K, capacity 15618K, committed 15872K, reserved 1062912K
  class space    used 1898K, capacity 1964K, committed 2048K, reserved 1048576K
Event: 7.665 GC heap after
Heap after GC invocations=5 (full 0):
 PSYoungGen      total 18944K, used 2537K [0x00000000eb300000, 0x00000000ed000000, 0x0000000100000000)
  eden space 16384K, 0% used [0x00000000eb300000,0x00000000eb300000,0x00000000ec300000)
  from space 2560K, 99% used [0x00000000ec300000,0x00000000ec57a710,0x00000000ec580000)
  to   space 6656K, 0% used [0x00000000ec980000,0x00000000ec980000,0x00000000ed000000)
 ParOldGen       total 44032K, used 4851K [0x00000000c1800000, 0x00000000c4300000, 0x00000000eb300000)
  object space 44032K, 11% used [0x00000000c1800000,0x00000000c1cbcf68,0x00000000c4300000)
 Metaspace       used 15423K, capacity 15618K, committed 15872K, reserved 1062912K
  class space    used 1898K, capacity 1964K, committed 2048K, reserved 1048576K
}
Event: 8.950 GC heap before
{Heap before GC invocations=6 (full 0):
 PSYoungGen      total 18944K, used 17874K [0x00000000eb300000, 0x00000000ed000000, 0x0000000100000000)
  eden space 16384K, 93% used [0x00000000eb300000,0x00000000ec1fa288,0x00000000ec300000)
  from space 2560K, 99% used [0x00000000ec300000,0x00000000ec57a710,0x00000000ec580000)
  to   space 6656K, 0% used [0x00000000ec980000,0x00000000ec980000,0x00000000ed000000)
 ParOldGen       total 44032K, used 4851K [0x00000000c1800000, 0x00000000c4300000, 0x00000000eb300000)
  object space 44032K, 11% used [0x00000000c1800000,0x00000000c1cbcf68,0x00000000c4300000)
 Metaspace       used 15562K, capacity 15782K, committed 16128K, reserved 1062912K
  class space    used 1924K, capacity 1996K, committed 2048K, reserved 1048576K
Event: 8.953 GC heap after
Heap after GC invocations=6 (full 0):
 PSYoungGen      total 22016K, used 2665K [0x00000000eb300000, 0x00000000ecf00000, 0x0000000100000000)
  eden space 16384K, 0% used [0x00000000eb300000,0x00000000eb300000,0x00000000ec300000)
  from space 5632K, 47% used [0x00000000ec980000,0x00000000ecc1a710,0x00000000ecf00000)
  to   space 6144K, 0% used [0x00000000ec300000,0x00000000ec300000,0x00000000ec900000)
 ParOldGen       total 44032K, used 4859K [0x00000000c1800000, 0x00000000c4300000, 0x00000000eb300000)
  object space 44032K, 11% used [0x00000000c1800000,0x00000000c1cbef68,0x00000000c4300000)
 Metaspace       used 15562K, capacity 15782K, committed 16128K, reserved 1062912K
  class space    used 1924K, capacity 1996K, committed 2048K, reserved 1048576K
}
Event: 10.269 GC heap before
{Heap before GC invocations=7 (full 0):
 PSYoungGen      total 22016K, used 18279K [0x00000000eb300000, 0x00000000ecf00000, 0x0000000100000000)
  eden space 16384K, 95% used [0x00000000eb300000,0x00000000ec23f7f0,0x00000000ec300000)
  from space 5632K, 47% used [0x00000000ec980000,0x00000000ecc1a710,0x00000000ecf00000)
  to   space 6144K, 0% used [0x00000000ec300000,0x00000000ec300000,0x00000000ec900000)
 ParOldGen       total 44032K, used 4859K [0x00000000c1800000, 0x00000000c4300000, 0x00000000eb300000)
  object space 44032K, 11% used [0x00000000c1800000,0x00000000c1cbef68,0x00000000c4300000)
 Metaspace       used 15642K, capacity 15846K, committed 16128K, reserved 1062912K
  class space    used 1924K, capacity 1996K, committed 2048K, reserved 1048576K
Event: 10.275 GC heap after
Heap after GC invocations=7 (full 0):
 PSYoungGen      total 22528K, used 224K [0x00000000eb300000, 0x00000000ed000000, 0x0000000100000000)
  eden space 16384K, 0% used [0x00000000eb300000,0x00000000eb300000,0x00000000ec300000)
  from space 6144K, 3% used [0x00000000ec300000,0x00000000ec338000,0x00000000ec900000)
  to   space 6656K, 0% used [0x00000000ec980000,0x00000000ec980000,0x00000000ed000000)
 ParOldGen       total 44032K, used 9319K [0x00000000c1800000, 0x00000000c4300000, 0x00000000eb300000)
  object space 44032K, 21% used [0x00000000c1800000,0x00000000c2119c18,0x00000000c4300000)
 Metaspace       used 15642K, capacity 15846K, committed 16128K, reserved 1062912K
  class space    used 1924K, capacity 1996K, committed 2048K, reserved 1048576K
}
Event: 11.709 GC heap before
{Heap before GC invocations=8 (full 0):
 PSYoungGen      total 22528K, used 16397K [0x00000000eb300000, 0x00000000ed000000, 0x0000000100000000)
  eden space 16384K, 98% used [0x00000000eb300000,0x00000000ec2cb590,0x00000000ec300000)
  from space 6144K, 3% used [0x00000000ec300000,0x00000000ec338000,0x00000000ec900000)
  to   space 6656K, 0% used [0x00000000ec980000,0x00000000ec980000,0x00000000ed000000)
 ParOldGen       total 44032K, used 9319K [0x00000000c1800000, 0x00000000c4300000, 0x00000000eb300000)
  object space 44032K, 21% used [0x00000000c1800000,0x00000000c2119c18,0x00000000c4300000)
 Metaspace       used 15712K, capacity 15910K, committed 16128K, reserved 1062912K
  class space    used 1924K, capacity 1996K, committed 2048K, reserved 1048576K
Event: 11.710 GC heap after
Heap after GC invocations=8 (full 0):
 PSYoungGen      total 23040K, used 256K [0x00000000eb300000, 0x00000000ed000000, 0x0000000100000000)
  eden space 16384K, 0% used [0x00000000eb300000,0x00000000eb300000,0x00000000ec300000)
  from space 6656K, 3% used [0x00000000ec980000,0x00000000ec9c0000,0x00000000ed000000)
  to   space 6656K, 0% used [0x00000000ec300000,0x00000000ec300000,0x00000000ec980000)
 ParOldGen       total 44032K, used 9367K [0x00000000c1800000, 0x00000000c4300000, 0x00000000eb300000)
  object space 44032K, 21% used [0x00000000c1800000,0x00000000c2125c18,0x00000000c4300000)
 Metaspace       used 15712K, capacity 15910K, committed 16128K, reserved 1062912K
  class space    used 1924K, capacity 1996K, committed 2048K, reserved 1048576K
}

