# JRE version: Java(TM) SE Runtime Environment (8.0_91-b14) (build 1.8.0_91-b14)
# Java VM: Java HotSpot(TM) 64-Bit Server VM (25.91-b14 mixed mode windows-amd64 compressed oops)
Heap:
 PSYoungGen      total 16896K, used 11998K [0x00000000eb300000, 0x00000000ec500000, 0x0000000100000000)
  eden space 16384K, 70% used [0x00000000eb300000,0x00000000ebe37bf0,0x00000000ec300000)
  from space 512K, 100% used [0x00000000ec400000,0x00000000ec480000,0x00000000ec480000)
  to   space 1024K, 0% used [0x00000000ec300000,0x00000000ec300000,0x00000000ec400000)
 ParOldGen       total 44032K, used 11245K [0x00000000c1800000, 0x00000000c4300000, 0x00000000eb300000)
  object space 44032K, 25% used [0x00000000c1800000,0x00000000c22fb490,0x00000000c4300000)
 Metaspace       used 16599K, capacity 16846K, committed 17152K, reserved 1064960K
  class space    used 1943K, capacity 2028K, committed 2048K, reserved 1048576K
GC Heap History (10 events):
Event: 200.676 GC heap before
{Heap before GC invocations=90 (full 0):
 PSYoungGen      total 16896K, used 16240K [0x00000000eb300000, 0x00000000ec480000, 0x0000000100000000)
  eden space 16384K, 97% used [0x00000000eb300000,0x00000000ec29c2a8,0x00000000ec300000)
  from space 512K, 50% used [0x00000000ec380000,0x00000000ec3c0000,0x00000000ec400000)
  to   space 512K, 0% used [0x00000000ec400000,0x00000000ec400000,0x00000000ec480000)
 ParOldGen       total 44032K, used 10188K [0x00000000c1800000, 0x00000000c4300000, 0x00000000eb300000)
  object space 44032K, 23% used [0x00000000c1800000,0x00000000c21f3230,0x00000000c4300000)
 Metaspace       used 16255K, capacity 16458K, committed 16640K, reserved 1064960K
  class space    used 1892K, capacity 1964K, committed 2048K, reserved 1048576K
Event: 200.678 GC heap after
Heap after GC invocations=90 (full 0):
 PSYoungGen      total 16896K, used 224K [0x00000000eb300000, 0x00000000ec480000, 0x0000000100000000)
  eden space 16384K, 0% used [0x00000000eb300000,0x00000000eb300000,0x00000000ec300000)
  from space 512K, 43% used [0x00000000ec400000,0x00000000ec438000,0x00000000ec480000)
  to   space 512K, 0% used [0x00000000ec380000,0x00000000ec380000,0x00000000ec400000)
 ParOldGen       total 44032K, used 10365K [0x00000000c1800000, 0x00000000c4300000, 0x00000000eb300000)
  object space 44032K, 23% used [0x00000000c1800000,0x00000000c221f7f0,0x00000000c4300000)
 Metaspace       used 16255K, capacity 16458K, committed 16640K, reserved 1064960K
  class space    used 1892K, capacity 1964K, committed 2048K, reserved 1048576K
}
Event: 202.948 GC heap before
{Heap before GC invocations=91 (full 0):
 PSYoungGen      total 16896K, used 16202K [0x00000000eb300000, 0x00000000ec480000, 0x0000000100000000)
  eden space 16384K, 97% used [0x00000000eb300000,0x00000000ec29a8a8,0x00000000ec300000)
  from space 512K, 43% used [0x00000000ec400000,0x00000000ec438000,0x00000000ec480000)
  to   space 512K, 0% used [0x00000000ec380000,0x00000000ec380000,0x00000000ec400000)
 ParOldGen       total 44032K, used 10365K [0x00000000c1800000, 0x00000000c4300000, 0x00000000eb300000)
  object space 44032K, 23% used [0x00000000c1800000,0x00000000c221f7f0,0x00000000c4300000)
 Metaspace       used 16271K, capacity 16462K, committed 16640K, reserved 1064960K
  class space    used 1892K, capacity 1964K, committed 2048K, reserved 1048576K
Event: 202.950 GC heap after
Heap after GC invocations=91 (full 0):
 PSYoungGen      total 16896K, used 224K [0x00000000eb300000, 0x00000000ec480000, 0x0000000100000000)
  eden space 16384K, 0% used [0x00000000eb300000,0x00000000eb300000,0x00000000ec300000)
  from space 512K, 43% used [0x00000000ec380000,0x00000000ec3b8000,0x00000000ec400000)
  to   space 512K, 0% used [0x00000000ec400000,0x00000000ec400000,0x00000000ec480000)
 ParOldGen       total 44032K, used 10481K [0x00000000c1800000, 0x00000000c4300000, 0x00000000eb300000)
  object space 44032K, 23% used [0x00000000c1800000,0x00000000c223c670,0x00000000c4300000)
 Metaspace       used 16271K, capacity 16462K, committed 16640K, reserved 1064960K
  class space    used 1892K, capacity 1964K, committed 2048K, reserved 1048576K
}
Event: 205.205 GC heap before
{Heap before GC invocations=92 (full 0):
 PSYoungGen      total 16896K, used 16246K [0x00000000eb300000, 0x00000000ec480000, 0x0000000100000000)
  eden space 16384K, 97% used [0x00000000eb300000,0x00000000ec2a5b08,0x00000000ec300000)
  from space 512K, 43% used [0x00000000ec380000,0x00000000ec3b8000,0x00000000ec400000)
  to   space 512K, 0% used [0x00000000ec400000,0x00000000ec400000,0x00000000ec480000)
 ParOldGen       total 44032K, used 10481K [0x00000000c1800000, 0x00000000c4300000, 0x00000000eb300000)
  object space 44032K, 23% used [0x00000000c1800000,0x00000000c223c670,0x00000000c4300000)
 Metaspace       used 16313K, capacity 16526K, committed 16896K, reserved 1064960K
  class space    used 1900K, capacity 1964K, committed 2048K, reserved 1048576K
Event: 205.206 GC heap after
Heap after GC invocations=92 (full 0):
 PSYoungGen      total 16896K, used 256K [0x00000000eb300000, 0x00000000ec480000, 0x0000000100000000)
  eden space 16384K, 0% used [0x00000000eb300000,0x00000000eb300000,0x00000000ec300000)
  from space 512K, 50% used [0x00000000ec400000,0x00000000ec440000,0x00000000ec480000)
  to   space 512K, 0% used [0x00000000ec380000,0x00000000ec380000,0x00000000ec400000)
 ParOldGen       total 44032K, used 10612K [0x00000000c1800000, 0x00000000c4300000, 0x00000000eb300000)
  object space 44032K, 24% used [0x00000000c1800000,0x00000000c225d090,0x00000000c4300000)
 Metaspace       used 16313K, capacity 16526K, committed 16896K, reserved 1064960K
  class space    used 1900K, capacity 1964K, committed 2048K, reserved 1048576K
}
Event: 207.348 GC heap before
{Heap before GC invocations=93 (full 0):
 PSYoungGen      total 16896K, used 16004K [0x00000000eb300000, 0x00000000ec480000, 0x0000000100000000)
  eden space 16384K, 96% used [0x00000000eb300000,0x00000000ec2612e0,0x00000000ec300000)
  from space 512K, 50% used [0x00000000ec400000,0x00000000ec440000,0x00000000ec480000)
  to   space 512K, 0% used [0x00000000ec380000,0x00000000ec380000,0x00000000ec400000)
 ParOldGen       total 44032K, used 10612K [0x00000000c1800000, 0x00000000c4300000, 0x00000000eb300000)
  object space 44032K, 24% used [0x00000000c1800000,0x00000000c225d090,0x00000000c4300000)
 Metaspace       used 16473K, capacity 16686K, committed 16896K, reserved 1064960K
  class space    used 1917K, capacity 1996K, committed 2048K, reserved 1048576K
Event: 207.350 GC heap after
Heap after GC invocations=93 (full 0):
 PSYoungGen      total 16896K, used 512K [0x00000000eb300000, 0x00000000ec480000, 0x0000000100000000)
  eden space 16384K, 0% used [0x00000000eb300000,0x00000000eb300000,0x00000000ec300000)
  from space 512K, 100% used [0x00000000ec380000,0x00000000ec400000,0x00000000ec400000)
  to   space 512K, 0% used [0x00000000ec400000,0x00000000ec400000,0x00000000ec480000)
 ParOldGen       total 44032K, used 10735K [0x00000000c1800000, 0x00000000c4300000, 0x00000000eb300000)
  object space 44032K, 24% used [0x00000000c1800000,0x00000000c227bf10,0x00000000c4300000)
 Metaspace       used 16473K, capacity 16686K, committed 16896K, reserved 1064960K
  class space    used 1917K, capacity 1996K, committed 2048K, reserved 1048576K
}
Event: 209.346 GC heap before
{Heap before GC invocations=94 (full 0):
 PSYoungGen      total 16896K, used 16008K [0x00000000eb300000, 0x00000000ec480000, 0x0000000100000000)
  eden space 16384K, 94% used [0x00000000eb300000,0x00000000ec2220b0,0x00000000ec300000)
  from space 512K, 100% used [0x00000000ec380000,0x00000000ec400000,0x00000000ec400000)
  to   space 512K, 0% used [0x00000000ec400000,0x00000000ec400000,0x00000000ec480000)
 ParOldGen       total 44032K, used 10735K [0x00000000c1800000, 0x00000000c4300000, 0x00000000eb300000)
  object space 44032K, 24% used [0x00000000c1800000,0x00000000c227bf10,0x00000000c4300000)
 Metaspace       used 16574K, capacity 16782K, committed 16896K, reserved 1064960K
  class space    used 1943K, capacity 2028K, committed 2048K, reserved 1048576K
Event: 209.348 GC heap after
Heap after GC invocations=94 (full 0):
 PSYoungGen      total 16896K, used 512K [0x00000000eb300000, 0x00000000ec500000, 0x0000000100000000)
  eden space 16384K, 0% used [0x00000000eb300000,0x00000000eb300000,0x00000000ec300000)
  from space 512K, 100% used [0x00000000ec400000,0x00000000ec480000,0x00000000ec480000)
  to   space 1024K, 0% used [0x00000000ec300000,0x00000000ec300000,0x00000000ec400000)
 ParOldGen       total 44032K, used 11245K [0x00000000c1800000, 0x00000000c4300000, 0x00000000eb300000)
  object space 44032K, 25% used [0x00000000c1800000,0x00000000c22fb490,0x00000000c4300000)
 Metaspace       used 16574K, capacity 16782K, committed 16896K, reserved 1064960K
  class space    used 1943K, capacity 2028K, committed 2048K, reserved 1048576K
}

