# JRE version: Java(TM) SE Runtime Environment (8.0_91-b14) (build 1.8.0_91-b14)
# Java VM: Java HotSpot(TM) 64-Bit Server VM (25.91-b14 mixed mode windows-amd64 compressed oops)
Heap:
 PSYoungGen      total 23552K, used 1660K [0x00000000eb300000, 0x00000000ed100000, 0x0000000100000000)
  eden space 16384K, 8% used [0x00000000eb300000,0x00000000eb457210,0x00000000ec300000)
  from space 7168K, 4% used [0x00000000ec300000,0x00000000ec348000,0x00000000eca00000)
  to   space 7168K, 0% used [0x00000000eca00000,0x00000000eca00000,0x00000000ed100000)
 ParOldGen       total 44032K, used 7974K [0x00000000c1800000, 0x00000000c4300000, 0x00000000eb300000)
  object space 44032K, 18% used [0x00000000c1800000,0x00000000c1fc9998,0x00000000c4300000)
 Metaspace       used 16406K, capacity 16582K, committed 16896K, reserved 1064960K
  class space    used 1966K, capacity 2028K, committed 2048K, reserved 1048576K
GC Heap History (10 events):
Event: 9.729 GC heap before
{Heap before GC invocations=5 (full 0):
 PSYoungGen      total 18944K, used 18651K [0x00000000eb300000, 0x00000000ec800000, 0x0000000100000000)
  eden space 16384K, 98% used [0x00000000eb300000,0x00000000ec2bed18,0x00000000ec300000)
  from space 2560K, 98% used [0x00000000ec580000,0x00000000ec7f8020,0x00000000ec800000)
  to   space 2560K, 0% used [0x00000000ec300000,0x00000000ec300000,0x00000000ec580000)
 ParOldGen       total 44032K, used 5340K [0x00000000c1800000, 0x00000000c4300000, 0x00000000eb300000)
  object space 44032K, 12% used [0x00000000c1800000,0x00000000c1d372a8,0x00000000c4300000)
 Metaspace       used 15986K, capacity 16198K, committed 16384K, reserved 1062912K
  class space    used 1943K, capacity 2028K, committed 2048K, reserved 1048576K
Event: 9.736 GC heap after
Heap after GC invocations=5 (full 0):
 PSYoungGen      total 18944K, used 2560K [0x00000000eb300000, 0x00000000ed100000, 0x0000000100000000)
  eden space 16384K, 0% used [0x00000000eb300000,0x00000000eb300000,0x00000000ec300000)
  from space 2560K, 100% used [0x00000000ec300000,0x00000000ec580000,0x00000000ec580000)
  to   space 7168K, 0% used [0x00000000eca00000,0x00000000eca00000,0x00000000ed100000)
 ParOldGen       total 44032K, used 5377K [0x00000000c1800000, 0x00000000c4300000, 0x00000000eb300000)
  object space 44032K, 12% used [0x00000000c1800000,0x00000000c1d404b8,0x00000000c4300000)
 Metaspace       used 15986K, capacity 16198K, committed 16384K, reserved 1062912K
  class space    used 1943K, capacity 2028K, committed 2048K, reserved 1048576K
}
Event: 11.855 GC heap before
{Heap before GC invocations=6 (full 0):
 PSYoungGen      total 18944K, used 18466K [0x00000000eb300000, 0x00000000ed100000, 0x0000000100000000)
  eden space 16384K, 97% used [0x00000000eb300000,0x00000000ec2889b8,0x00000000ec300000)
  from space 2560K, 100% used [0x00000000ec300000,0x00000000ec580000,0x00000000ec580000)
  to   space 7168K, 0% used [0x00000000eca00000,0x00000000eca00000,0x00000000ed100000)
 ParOldGen       total 44032K, used 5377K [0x00000000c1800000, 0x00000000c4300000, 0x00000000eb300000)
  object space 44032K, 12% used [0x00000000c1800000,0x00000000c1d404b8,0x00000000c4300000)
 Metaspace       used 16100K, capacity 16326K, committed 16640K, reserved 1064960K
  class space    used 1943K, capacity 2028K, committed 2048K, reserved 1048576K
Event: 11.859 GC heap after
Heap after GC invocations=6 (full 0):
 PSYoungGen      total 23552K, used 2688K [0x00000000eb300000, 0x00000000ed100000, 0x0000000100000000)
  eden space 16384K, 0% used [0x00000000eb300000,0x00000000eb300000,0x00000000ec300000)
  from space 7168K, 37% used [0x00000000eca00000,0x00000000ecca0000,0x00000000ed100000)
  to   space 7168K, 0% used [0x00000000ec300000,0x00000000ec300000,0x00000000eca00000)
 ParOldGen       total 44032K, used 5385K [0x00000000c1800000, 0x00000000c4300000, 0x00000000eb300000)
  object space 44032K, 12% used [0x00000000c1800000,0x00000000c1d424b8,0x00000000c4300000)
 Metaspace       used 16100K, capacity 16326K, committed 16640K, reserved 1064960K
  class space    used 1943K, capacity 2028K, committed 2048K, reserved 1048576K
}
Event: 13.997 GC heap before
{Heap before GC invocations=7 (full 0):
 PSYoungGen      total 23552K, used 18618K [0x00000000eb300000, 0x00000000ed100000, 0x0000000100000000)
  eden space 16384K, 97% used [0x00000000eb300000,0x00000000ec28eb20,0x00000000ec300000)
  from space 7168K, 37% used [0x00000000eca00000,0x00000000ecca0000,0x00000000ed100000)
  to   space 7168K, 0% used [0x00000000ec300000,0x00000000ec300000,0x00000000eca00000)
 ParOldGen       total 44032K, used 5385K [0x00000000c1800000, 0x00000000c4300000, 0x00000000eb300000)
  object space 44032K, 12% used [0x00000000c1800000,0x00000000c1d424b8,0x00000000c4300000)
 Metaspace       used 16199K, capacity 16390K, committed 16640K, reserved 1064960K
  class space    used 1954K, capacity 2028K, committed 2048K, reserved 1048576K
Event: 14.001 GC heap after
Heap after GC invocations=7 (full 0):
 PSYoungGen      total 23552K, used 416K [0x00000000eb300000, 0x00000000ed100000, 0x0000000100000000)
  eden space 16384K, 0% used [0x00000000eb300000,0x00000000eb300000,0x00000000ec300000)
  from space 7168K, 5% used [0x00000000ec300000,0x00000000ec368000,0x00000000eca00000)
  to   space 7168K, 0% used [0x00000000eca00000,0x00000000eca00000,0x00000000ed100000)
 ParOldGen       total 44032K, used 7712K [0x00000000c1800000, 0x00000000c4300000, 0x00000000eb300000)
  object space 44032K, 17% used [0x00000000c1800000,0x00000000c1f883b8,0x00000000c4300000)
 Metaspace       used 16199K, capacity 16390K, committed 16640K, reserved 1064960K
  class space    used 1954K, capacity 2028K, committed 2048K, reserved 1048576K
}
Event: 16.252 GC heap before
{Heap before GC invocations=8 (full 0):
 PSYoungGen      total 23552K, used 16098K [0x00000000eb300000, 0x00000000ed100000, 0x0000000100000000)
  eden space 16384K, 95% used [0x00000000eb300000,0x00000000ec250bd8,0x00000000ec300000)
  from space 7168K, 5% used [0x00000000ec300000,0x00000000ec368000,0x00000000eca00000)
  to   space 7168K, 0% used [0x00000000eca00000,0x00000000eca00000,0x00000000ed100000)
 ParOldGen       total 44032K, used 7712K [0x00000000c1800000, 0x00000000c4300000, 0x00000000eb300000)
  object space 44032K, 17% used [0x00000000c1800000,0x00000000c1f883b8,0x00000000c4300000)
 Metaspace       used 16296K, capacity 16518K, committed 16640K, reserved 1064960K
  class space    used 1954K, capacity 2028K, committed 2048K, reserved 1048576K
Event: 16.253 GC heap after
Heap after GC invocations=8 (full 0):
 PSYoungGen      total 23552K, used 288K [0x00000000eb300000, 0x00000000ed100000, 0x0000000100000000)
  eden space 16384K, 0% used [0x00000000eb300000,0x00000000eb300000,0x00000000ec300000)
  from space 7168K, 4% used [0x00000000eca00000,0x00000000eca48000,0x00000000ed100000)
  to   space 7168K, 0% used [0x00000000ec300000,0x00000000ec300000,0x00000000eca00000)
 ParOldGen       total 44032K, used 7838K [0x00000000c1800000, 0x00000000c4300000, 0x00000000eb300000)
  object space 44032K, 17% used [0x00000000c1800000,0x00000000c1fa7968,0x00000000c4300000)
 Metaspace       used 16296K, capacity 16518K, committed 16640K, reserved 1064960K
  class space    used 1954K, capacity 2028K, committed 2048K, reserved 1048576K
}
Event: 18.529 GC heap before
{Heap before GC invocations=9 (full 0):
 PSYoungGen      total 23552K, used 16106K [0x00000000eb300000, 0x00000000ed100000, 0x0000000100000000)
  eden space 16384K, 96% used [0x00000000eb300000,0x00000000ec272a28,0x00000000ec300000)
  from space 7168K, 4% used [0x00000000eca00000,0x00000000eca48000,0x00000000ed100000)
  to   space 7168K, 0% used [0x00000000ec300000,0x00000000ec300000,0x00000000eca00000)
 ParOldGen       total 44032K, used 7838K [0x00000000c1800000, 0x00000000c4300000, 0x00000000eb300000)
  object space 44032K, 17% used [0x00000000c1800000,0x00000000c1fa7968,0x00000000c4300000)
 Metaspace       used 16406K, capacity 16582K, committed 16896K, reserved 1064960K
  class space    used 1966K, capacity 2028K, committed 2048K, reserved 1048576K
Event: 18.530 GC heap after
Heap after GC invocations=9 (full 0):
 PSYoungGen      total 23552K, used 288K [0x00000000eb300000, 0x00000000ed100000, 0x0000000100000000)
  eden space 16384K, 0% used [0x00000000eb300000,0x00000000eb300000,0x00000000ec300000)
  from space 7168K, 4% used [0x00000000ec300000,0x00000000ec348000,0x00000000eca00000)
  to   space 7168K, 0% used [0x00000000eca00000,0x00000000eca00000,0x00000000ed100000)
 ParOldGen       total 44032K, used 7974K [0x00000000c1800000, 0x00000000c4300000, 0x00000000eb300000)
  object space 44032K, 18% used [0x00000000c1800000,0x00000000c1fc9998,0x00000000c4300000)
 Metaspace       used 16406K, capacity 16582K, committed 16896K, reserved 1064960K
  class space    used 1966K, capacity 2028K, committed 2048K, reserved 1048576K
}

