# JRE version: Java(TM) SE Runtime Environment (8.0_91-b14) (build 1.8.0_91-b14)
# Java VM: Java HotSpot(TM) 64-Bit Server VM (25.91-b14 mixed mode windows-amd64 compressed oops)
Heap:
 PSYoungGen      total 21504K, used 13182K [0x00000000eb300000, 0x00000000ecd00000, 0x0000000100000000)
  eden space 16384K, 79% used [0x00000000eb300000,0x00000000ebfb7838,0x00000000ec300000)
  from space 5120K, 3% used [0x00000000ec800000,0x00000000ec828000,0x00000000ecd00000)
  to   space 5120K, 0% used [0x00000000ec300000,0x00000000ec300000,0x00000000ec800000)
 ParOldGen       total 44032K, used 5444K [0x00000000c1800000, 0x00000000c4300000, 0x00000000eb300000)
  object space 44032K, 12% used [0x00000000c1800000,0x00000000c1d510f0,0x00000000c4300000)
 Metaspace       used 16385K, capacity 16582K, committed 16896K, reserved 1064960K
  class space    used 1956K, capacity 2028K, committed 2048K, reserved 1048576K
GC Heap History (10 events):
Event: 12.622 GC heap before
{Heap before GC invocations=8 (full 0):
 PSYoungGen      total 16896K, used 16344K [0x00000000eb300000, 0x00000000ed000000, 0x0000000100000000)
  eden space 16384K, 98% used [0x00000000eb300000,0x00000000ec2ae3a8,0x00000000ec300000)
  from space 512K, 56% used [0x00000000ec980000,0x00000000ec9c8000,0x00000000eca00000)
  to   space 5120K, 0% used [0x00000000ecb00000,0x00000000ecb00000,0x00000000ed000000)
 ParOldGen       total 44032K, used 5087K [0x00000000c1800000, 0x00000000c4300000, 0x00000000eb300000)
  object space 44032K, 11% used [0x00000000c1800000,0x00000000c1cf7eb0,0x00000000c4300000)
 Metaspace       used 16135K, capacity 16326K, committed 16640K, reserved 1064960K
  class space    used 1943K, capacity 2028K, committed 2048K, reserved 1048576K
Event: 12.623 GC heap after
Heap after GC invocations=8 (full 0):
 PSYoungGen      total 18432K, used 224K [0x00000000eb300000, 0x00000000ecd00000, 0x0000000100000000)
  eden space 16384K, 0% used [0x00000000eb300000,0x00000000eb300000,0x00000000ec300000)
  from space 2048K, 10% used [0x00000000ecb00000,0x00000000ecb38000,0x00000000ecd00000)
  to   space 5120K, 0% used [0x00000000ec300000,0x00000000ec300000,0x00000000ec800000)
 ParOldGen       total 44032K, used 5167K [0x00000000c1800000, 0x00000000c4300000, 0x00000000eb300000)
  object space 44032K, 11% used [0x00000000c1800000,0x00000000c1d0beb0,0x00000000c4300000)
 Metaspace       used 16135K, capacity 16326K, committed 16640K, reserved 1064960K
  class space    used 1943K, capacity 2028K, committed 2048K, reserved 1048576K
}
Event: 13.926 GC heap before
{Heap before GC invocations=9 (full 0):
 PSYoungGen      total 18432K, used 16393K [0x00000000eb300000, 0x00000000ecd00000, 0x0000000100000000)
  eden space 16384K, 98% used [0x00000000eb300000,0x00000000ec2ca478,0x00000000ec300000)
  from space 2048K, 10% used [0x00000000ecb00000,0x00000000ecb38000,0x00000000ecd00000)
  to   space 5120K, 0% used [0x00000000ec300000,0x00000000ec300000,0x00000000ec800000)
 ParOldGen       total 44032K, used 5167K [0x00000000c1800000, 0x00000000c4300000, 0x00000000eb300000)
  object space 44032K, 11% used [0x00000000c1800000,0x00000000c1d0beb0,0x00000000c4300000)
 Metaspace       used 16229K, capacity 16454K, committed 16640K, reserved 1064960K
  class space    used 1946K, capacity 2028K, committed 2048K, reserved 1048576K
Event: 13.929 GC heap after
Heap after GC invocations=9 (full 0):
 PSYoungGen      total 21504K, used 1188K [0x00000000eb300000, 0x00000000ecd00000, 0x0000000100000000)
  eden space 16384K, 0% used [0x00000000eb300000,0x00000000eb300000,0x00000000ec300000)
  from space 5120K, 23% used [0x00000000ec300000,0x00000000ec429010,0x00000000ec800000)
  to   space 5120K, 0% used [0x00000000ec800000,0x00000000ec800000,0x00000000ecd00000)
 ParOldGen       total 44032K, used 5244K [0x00000000c1800000, 0x00000000c4300000, 0x00000000eb300000)
  object space 44032K, 11% used [0x00000000c1800000,0x00000000c1d1f0c0,0x00000000c4300000)
 Metaspace       used 16229K, capacity 16454K, committed 16640K, reserved 1064960K
  class space    used 1946K, capacity 2028K, committed 2048K, reserved 1048576K
}
Event: 14.930 GC heap before
{Heap before GC invocations=10 (full 0):
 PSYoungGen      total 21504K, used 16912K [0x00000000eb300000, 0x00000000ecd00000, 0x0000000100000000)
  eden space 16384K, 95% used [0x00000000eb300000,0x00000000ec25b070,0x00000000ec300000)
  from space 5120K, 23% used [0x00000000ec300000,0x00000000ec429010,0x00000000ec800000)
  to   space 5120K, 0% used [0x00000000ec800000,0x00000000ec800000,0x00000000ecd00000)
 ParOldGen       total 44032K, used 5244K [0x00000000c1800000, 0x00000000c4300000, 0x00000000eb300000)
  object space 44032K, 11% used [0x00000000c1800000,0x00000000c1d1f0c0,0x00000000c4300000)
 Metaspace       used 16296K, capacity 16454K, committed 16640K, reserved 1064960K
  class space    used 1956K, capacity 2028K, committed 2048K, reserved 1048576K
Event: 14.931 GC heap after
Heap after GC invocations=10 (full 0):
 PSYoungGen      total 21504K, used 256K [0x00000000eb300000, 0x00000000ecd00000, 0x0000000100000000)
  eden space 16384K, 0% used [0x00000000eb300000,0x00000000eb300000,0x00000000ec300000)
  from space 5120K, 5% used [0x00000000ec800000,0x00000000ec840000,0x00000000ecd00000)
  to   space 5120K, 0% used [0x00000000ec300000,0x00000000ec300000,0x00000000ec800000)
 ParOldGen       total 44032K, used 5305K [0x00000000c1800000, 0x00000000c4300000, 0x00000000eb300000)
  object space 44032K, 12% used [0x00000000c1800000,0x00000000c1d2e670,0x00000000c4300000)
 Metaspace       used 16296K, capacity 16454K, committed 16640K, reserved 1064960K
  class space    used 1956K, capacity 2028K, committed 2048K, reserved 1048576K
}
Event: 16.633 GC heap before
{Heap before GC invocations=11 (full 0):
 PSYoungGen      total 21504K, used 16031K [0x00000000eb300000, 0x00000000ecd00000, 0x0000000100000000)
  eden space 16384K, 96% used [0x00000000eb300000,0x00000000ec267f60,0x00000000ec300000)
  from space 5120K, 5% used [0x00000000ec800000,0x00000000ec840000,0x00000000ecd00000)
  to   space 5120K, 0% used [0x00000000ec300000,0x00000000ec300000,0x00000000ec800000)
 ParOldGen       total 44032K, used 5305K [0x00000000c1800000, 0x00000000c4300000, 0x00000000eb300000)
  object space 44032K, 12% used [0x00000000c1800000,0x00000000c1d2e670,0x00000000c4300000)
 Metaspace       used 16333K, capacity 16582K, committed 16896K, reserved 1064960K
  class space    used 1956K, capacity 2028K, committed 2048K, reserved 1048576K
Event: 16.634 GC heap after
Heap after GC invocations=11 (full 0):
 PSYoungGen      total 21504K, used 128K [0x00000000eb300000, 0x00000000ecd00000, 0x0000000100000000)
  eden space 16384K, 0% used [0x00000000eb300000,0x00000000eb300000,0x00000000ec300000)
  from space 5120K, 2% used [0x00000000ec300000,0x00000000ec320000,0x00000000ec800000)
  to   space 5120K, 0% used [0x00000000ec800000,0x00000000ec800000,0x00000000ecd00000)
 ParOldGen       total 44032K, used 5428K [0x00000000c1800000, 0x00000000c4300000, 0x00000000eb300000)
  object space 44032K, 12% used [0x00000000c1800000,0x00000000c1d4d0f0,0x00000000c4300000)
 Metaspace       used 16333K, capacity 16582K, committed 16896K, reserved 1064960K
  class space    used 1956K, capacity 2028K, committed 2048K, reserved 1048576K
}
Event: 18.336 GC heap before
{Heap before GC invocations=12 (full 0):
 PSYoungGen      total 21504K, used 15803K [0x00000000eb300000, 0x00000000ecd00000, 0x0000000100000000)
  eden space 16384K, 95% used [0x00000000eb300000,0x00000000ec24ef08,0x00000000ec300000)
  from space 5120K, 2% used [0x00000000ec300000,0x00000000ec320000,0x00000000ec800000)
  to   space 5120K, 0% used [0x00000000ec800000,0x00000000ec800000,0x00000000ecd00000)
 ParOldGen       total 44032K, used 5428K [0x00000000c1800000, 0x00000000c4300000, 0x00000000eb300000)
  object space 44032K, 12% used [0x00000000c1800000,0x00000000c1d4d0f0,0x00000000c4300000)
 Metaspace       used 16371K, capacity 16582K, committed 16896K, reserved 1064960K
  class space    used 1956K, capacity 2028K, committed 2048K, reserved 1048576K
Event: 18.337 GC heap after
Heap after GC invocations=12 (full 0):
 PSYoungGen      total 21504K, used 160K [0x00000000eb300000, 0x00000000ecd00000, 0x0000000100000000)
  eden space 16384K, 0% used [0x00000000eb300000,0x00000000eb300000,0x00000000ec300000)
  from space 5120K, 3% used [0x00000000ec800000,0x00000000ec828000,0x00000000ecd00000)
  to   space 5120K, 0% used [0x00000000ec300000,0x00000000ec300000,0x00000000ec800000)
 ParOldGen       total 44032K, used 5444K [0x00000000c1800000, 0x00000000c4300000, 0x00000000eb300000)
  object space 44032K, 12% used [0x00000000c1800000,0x00000000c1d510f0,0x00000000c4300000)
 Metaspace       used 16371K, capacity 16582K, committed 16896K, reserved 1064960K
  class space    used 1956K, capacity 2028K, committed 2048K, reserved 1048576K
}

