# JRE version: Java(TM) SE Runtime Environment (8.0_91-b14) (build 1.8.0_91-b14)
# Java VM: Java HotSpot(TM) 64-Bit Server VM (25.91-b14 mixed mode windows-amd64 compressed oops)
Heap:
 PSYoungGen      total 22528K, used 1603K [0x00000000eb300000, 0x00000000ecf00000, 0x0000000100000000)
  eden space 16384K, 8% used [0x00000000eb300000,0x00000000eb458df8,0x00000000ec300000)
  from space 6144K, 3% used [0x00000000ec900000,0x00000000ec938000,0x00000000ecf00000)
  to   space 6144K, 0% used [0x00000000ec300000,0x00000000ec300000,0x00000000ec900000)
 ParOldGen       total 44032K, used 8265K [0x00000000c1800000, 0x00000000c4300000, 0x00000000eb300000)
  object space 44032K, 18% used [0x00000000c1800000,0x00000000c20126c8,0x00000000c4300000)
 Metaspace       used 16574K, capacity 16774K, committed 16896K, reserved 1064960K
  class space    used 1965K, capacity 2028K, committed 2048K, reserved 1048576K
GC Heap History (10 events):
Event: 24.318 GC heap before
{Heap before GC invocations=12 (full 0):
 PSYoungGen      total 23552K, used 16106K [0x00000000eb300000, 0x00000000ed100000, 0x0000000100000000)
  eden space 16384K, 97% used [0x00000000eb300000,0x00000000ec29a838,0x00000000ec300000)
  from space 7168K, 1% used [0x00000000ec300000,0x00000000ec320000,0x00000000eca00000)
  to   space 7168K, 0% used [0x00000000eca00000,0x00000000eca00000,0x00000000ed100000)
 ParOldGen       total 44032K, used 7826K [0x00000000c1800000, 0x00000000c4300000, 0x00000000eb300000)
  object space 44032K, 17% used [0x00000000c1800000,0x00000000c1fa4a18,0x00000000c4300000)
 Metaspace       used 16124K, capacity 16294K, committed 16640K, reserved 1064960K
  class space    used 1918K, capacity 1996K, committed 2048K, reserved 1048576K
Event: 24.319 GC heap after
Heap after GC invocations=12 (full 0):
 PSYoungGen      total 22528K, used 128K [0x00000000eb300000, 0x00000000ed000000, 0x0000000100000000)
  eden space 16384K, 0% used [0x00000000eb300000,0x00000000eb300000,0x00000000ec300000)
  from space 6144K, 2% used [0x00000000eca00000,0x00000000eca20000,0x00000000ed000000)
  to   space 6656K, 0% used [0x00000000ec300000,0x00000000ec300000,0x00000000ec980000)
 ParOldGen       total 44032K, used 7904K [0x00000000c1800000, 0x00000000c4300000, 0x00000000eb300000)
  object space 44032K, 17% used [0x00000000c1800000,0x00000000c1fb8158,0x00000000c4300000)
 Metaspace       used 16124K, capacity 16294K, committed 16640K, reserved 1064960K
  class space    used 1918K, capacity 1996K, committed 2048K, reserved 1048576K
}
Event: 26.589 GC heap before
{Heap before GC invocations=13 (full 0):
 PSYoungGen      total 22528K, used 16512K [0x00000000eb300000, 0x00000000ed000000, 0x0000000100000000)
  eden space 16384K, 100% used [0x00000000eb300000,0x00000000ec300000,0x00000000ec300000)
  from space 6144K, 2% used [0x00000000eca00000,0x00000000eca20000,0x00000000ed000000)
  to   space 6656K, 0% used [0x00000000ec300000,0x00000000ec300000,0x00000000ec980000)
 ParOldGen       total 44032K, used 7904K [0x00000000c1800000, 0x00000000c4300000, 0x00000000eb300000)
  object space 44032K, 17% used [0x00000000c1800000,0x00000000c1fb8158,0x00000000c4300000)
 Metaspace       used 16166K, capacity 16358K, committed 16640K, reserved 1064960K
  class space    used 1918K, capacity 1996K, committed 2048K, reserved 1048576K
Event: 26.591 GC heap after
Heap after GC invocations=13 (full 0):
 PSYoungGen      total 23040K, used 128K [0x00000000eb300000, 0x00000000ed000000, 0x0000000100000000)
  eden space 16384K, 0% used [0x00000000eb300000,0x00000000eb300000,0x00000000ec300000)
  from space 6656K, 1% used [0x00000000ec300000,0x00000000ec320000,0x00000000ec980000)
  to   space 6656K, 0% used [0x00000000ec980000,0x00000000ec980000,0x00000000ed000000)
 ParOldGen       total 44032K, used 7974K [0x00000000c1800000, 0x00000000c4300000, 0x00000000eb300000)
  object space 44032K, 18% used [0x00000000c1800000,0x00000000c1fc9898,0x00000000c4300000)
 Metaspace       used 16166K, capacity 16358K, committed 16640K, reserved 1064960K
  class space    used 1918K, capacity 1996K, committed 2048K, reserved 1048576K
}
Event: 28.589 GC heap before
{Heap before GC invocations=14 (full 0):
 PSYoungGen      total 23040K, used 15627K [0x00000000eb300000, 0x00000000ed000000, 0x0000000100000000)
  eden space 16384K, 94% used [0x00000000eb300000,0x00000000ec222e60,0x00000000ec300000)
  from space 6656K, 1% used [0x00000000ec300000,0x00000000ec320000,0x00000000ec980000)
  to   space 6656K, 0% used [0x00000000ec980000,0x00000000ec980000,0x00000000ed000000)
 ParOldGen       total 44032K, used 7974K [0x00000000c1800000, 0x00000000c4300000, 0x00000000eb300000)
  object space 44032K, 18% used [0x00000000c1800000,0x00000000c1fc9898,0x00000000c4300000)
 Metaspace       used 16334K, capacity 16518K, committed 16640K, reserved 1064960K
  class space    used 1943K, capacity 2028K, committed 2048K, reserved 1048576K
Event: 28.591 GC heap after
Heap after GC invocations=14 (full 0):
 PSYoungGen      total 23040K, used 192K [0x00000000eb300000, 0x00000000ed000000, 0x0000000100000000)
  eden space 16384K, 0% used [0x00000000eb300000,0x00000000eb300000,0x00000000ec300000)
  from space 6656K, 2% used [0x00000000ec980000,0x00000000ec9b0000,0x00000000ed000000)
  to   space 6656K, 0% used [0x00000000ec300000,0x00000000ec300000,0x00000000ec980000)
 ParOldGen       total 44032K, used 8021K [0x00000000c1800000, 0x00000000c4300000, 0x00000000eb300000)
  object space 44032K, 18% used [0x00000000c1800000,0x00000000c1fd5438,0x00000000c4300000)
 Metaspace       used 16334K, capacity 16518K, committed 16640K, reserved 1064960K
  class space    used 1943K, capacity 2028K, committed 2048K, reserved 1048576K
}
Event: 30.845 GC heap before
{Heap before GC invocations=15 (full 0):
 PSYoungGen      total 23040K, used 16516K [0x00000000eb300000, 0x00000000ed000000, 0x0000000100000000)
  eden space 16384K, 99% used [0x00000000eb300000,0x00000000ec2f1368,0x00000000ec300000)
  from space 6656K, 2% used [0x00000000ec980000,0x00000000ec9b0000,0x00000000ed000000)
  to   space 6656K, 0% used [0x00000000ec300000,0x00000000ec300000,0x00000000ec980000)
 ParOldGen       total 44032K, used 8021K [0x00000000c1800000, 0x00000000c4300000, 0x00000000eb300000)
  object space 44032K, 18% used [0x00000000c1800000,0x00000000c1fd5438,0x00000000c4300000)
 Metaspace       used 16420K, capacity 16582K, committed 16896K, reserved 1064960K
  class space    used 1943K, capacity 2028K, committed 2048K, reserved 1048576K
Event: 30.845 GC heap after
Heap after GC invocations=15 (full 0):
 PSYoungGen      total 16896K, used 256K [0x00000000eb300000, 0x00000000ecf00000, 0x0000000100000000)
  eden space 16384K, 0% used [0x00000000eb300000,0x00000000eb300000,0x00000000ec300000)
  from space 512K, 50% used [0x00000000ec300000,0x00000000ec340000,0x00000000ec380000)
  to   space 6144K, 0% used [0x00000000ec900000,0x00000000ec900000,0x00000000ecf00000)
 ParOldGen       total 44032K, used 8132K [0x00000000c1800000, 0x00000000c4300000, 0x00000000eb300000)
  object space 44032K, 18% used [0x00000000c1800000,0x00000000c1ff10e8,0x00000000c4300000)
 Metaspace       used 16420K, capacity 16582K, committed 16896K, reserved 1064960K
  class space    used 1943K, capacity 2028K, committed 2048K, reserved 1048576K
}
Event: 32.986 GC heap before
{Heap before GC invocations=16 (full 0):
 PSYoungGen      total 16896K, used 15924K [0x00000000eb300000, 0x00000000ecf00000, 0x0000000100000000)
  eden space 16384K, 95% used [0x00000000eb300000,0x00000000ec24d328,0x00000000ec300000)
  from space 512K, 50% used [0x00000000ec300000,0x00000000ec340000,0x00000000ec380000)
  to   space 6144K, 0% used [0x00000000ec900000,0x00000000ec900000,0x00000000ecf00000)
 ParOldGen       total 44032K, used 8132K [0x00000000c1800000, 0x00000000c4300000, 0x00000000eb300000)
  object space 44032K, 18% used [0x00000000c1800000,0x00000000c1ff10e8,0x00000000c4300000)
 Metaspace       used 16574K, capacity 16774K, committed 16896K, reserved 1064960K
  class space    used 1965K, capacity 2028K, committed 2048K, reserved 1048576K
Event: 32.988 GC heap after
Heap after GC invocations=16 (full 0):
 PSYoungGen      total 22528K, used 224K [0x00000000eb300000, 0x00000000ecf00000, 0x0000000100000000)
  eden space 16384K, 0% used [0x00000000eb300000,0x00000000eb300000,0x00000000ec300000)
  from space 6144K, 3% used [0x00000000ec900000,0x00000000ec938000,0x00000000ecf00000)
  to   space 6144K, 0% used [0x00000000ec300000,0x00000000ec300000,0x00000000ec900000)
 ParOldGen       total 44032K, used 8265K [0x00000000c1800000, 0x00000000c4300000, 0x00000000eb300000)
  object space 44032K, 18% used [0x00000000c1800000,0x00000000c20126c8,0x00000000c4300000)
 Metaspace       used 16574K, capacity 16774K, committed 16896K, reserved 1064960K
  class space    used 1965K, capacity 2028K, committed 2048K, reserved 1048576K
}

