# JRE version: Java(TM) SE Runtime Environment (8.0_91-b14) (build 1.8.0_91-b14)
# Java VM: Java HotSpot(TM) 64-Bit Server VM (25.91-b14 mixed mode windows-amd64 compressed oops)
Heap:
 PSYoungGen      total 18944K, used 5849K [0x00000000eb300000, 0x00000000ec800000, 0x0000000100000000)
  eden space 16384K, 20% used [0x00000000eb300000,0x00000000eb63d568,0x00000000ec300000)
  from space 2560K, 98% used [0x00000000ec300000,0x00000000ec579010,0x00000000ec580000)
  to   space 2560K, 0% used [0x00000000ec580000,0x00000000ec580000,0x00000000ec800000)
 ParOldGen       total 44032K, used 16813K [0x00000000c1800000, 0x00000000c4300000, 0x00000000eb300000)
  object space 44032K, 38% used [0x00000000c1800000,0x00000000c286b4f0,0x00000000c4300000)
 Metaspace       used 15707K, capacity 15900K, committed 16128K, reserved 1062912K
  class space    used 1857K, capacity 1930K, committed 2048K, reserved 1048576K
GC Heap History (6 events):
Event: 6.124 GC heap before
{Heap before GC invocations=1 (full 0):
 PSYoungGen      total 18944K, used 16384K [0x00000000eb300000, 0x00000000ec800000, 0x0000000100000000)
  eden space 16384K, 100% used [0x00000000eb300000,0x00000000ec300000,0x00000000ec300000)
  from space 2560K, 0% used [0x00000000ec580000,0x00000000ec580000,0x00000000ec800000)
  to   space 2560K, 0% used [0x00000000ec300000,0x00000000ec300000,0x00000000ec580000)
 ParOldGen       total 44032K, used 0K [0x00000000c1800000, 0x00000000c4300000, 0x00000000eb300000)
  object space 44032K, 0% used [0x00000000c1800000,0x00000000c1800000,0x00000000c4300000)
 Metaspace       used 12858K, capacity 13034K, committed 13184K, reserved 1060864K
  class space    used 1564K, capacity 1641K, committed 1664K, reserved 1048576K
Event: 6.130 GC heap after
Heap after GC invocations=1 (full 0):
 PSYoungGen      total 18944K, used 2550K [0x00000000eb300000, 0x00000000ec800000, 0x0000000100000000)
  eden space 16384K, 0% used [0x00000000eb300000,0x00000000eb300000,0x00000000ec300000)
  from space 2560K, 99% used [0x00000000ec300000,0x00000000ec57db68,0x00000000ec580000)
  to   space 2560K, 0% used [0x00000000ec580000,0x00000000ec580000,0x00000000ec800000)
 ParOldGen       total 44032K, used 737K [0x00000000c1800000, 0x00000000c4300000, 0x00000000eb300000)
  object space 44032K, 1% used [0x00000000c1800000,0x00000000c18b8738,0x00000000c4300000)
 Metaspace       used 12858K, capacity 13034K, committed 13184K, reserved 1060864K
  class space    used 1564K, capacity 1641K, committed 1664K, reserved 1048576K
}
Event: 37.121 GC heap before
{Heap before GC invocations=2 (full 0):
 PSYoungGen      total 18944K, used 18676K [0x00000000eb300000, 0x00000000ec800000, 0x0000000100000000)
  eden space 16384K, 98% used [0x00000000eb300000,0x00000000ec2bf620,0x00000000ec300000)
  from space 2560K, 99% used [0x00000000ec300000,0x00000000ec57db68,0x00000000ec580000)
  to   space 2560K, 0% used [0x00000000ec580000,0x00000000ec580000,0x00000000ec800000)
 ParOldGen       total 44032K, used 737K [0x00000000c1800000, 0x00000000c4300000, 0x00000000eb300000)
  object space 44032K, 1% used [0x00000000c1800000,0x00000000c18b8738,0x00000000c4300000)
 Metaspace       used 14677K, capacity 14902K, committed 15232K, reserved 1062912K
  class space    used 1763K, capacity 1833K, committed 1920K, reserved 1048576K
Event: 37.127 GC heap after
Heap after GC invocations=2 (full 0):
 PSYoungGen      total 18944K, used 2532K [0x00000000eb300000, 0x00000000ec800000, 0x0000000100000000)
  eden space 16384K, 0% used [0x00000000eb300000,0x00000000eb300000,0x00000000ec300000)
  from space 2560K, 98% used [0x00000000ec580000,0x00000000ec7f9010,0x00000000ec800000)
  to   space 2560K, 0% used [0x00000000ec300000,0x00000000ec300000,0x00000000ec580000)
 ParOldGen       total 44032K, used 4421K [0x00000000c1800000, 0x00000000c4300000, 0x00000000eb300000)
  object space 44032K, 10% used [0x00000000c1800000,0x00000000c1c515c8,0x00000000c4300000)
 Metaspace       used 14677K, capacity 14902K, committed 15232K, reserved 1062912K
  class space    used 1763K, capacity 1833K, committed 1920K, reserved 1048576K
}
Event: 115.720 GC heap before
{Heap before GC invocations=3 (full 0):
 PSYoungGen      total 18944K, used 18001K [0x00000000eb300000, 0x00000000ec800000, 0x0000000100000000)
  eden space 16384K, 94% used [0x00000000eb300000,0x00000000ec21b6b0,0x00000000ec300000)
  from space 2560K, 98% used [0x00000000ec580000,0x00000000ec7f9010,0x00000000ec800000)
  to   space 2560K, 0% used [0x00000000ec300000,0x00000000ec300000,0x00000000ec580000)
 ParOldGen       total 44032K, used 4421K [0x00000000c1800000, 0x00000000c4300000, 0x00000000eb300000)
  object space 44032K, 10% used [0x00000000c1800000,0x00000000c1c515c8,0x00000000c4300000)
 Metaspace       used 15557K, capacity 15766K, committed 16128K, reserved 1062912K
  class space    used 1853K, capacity 1929K, committed 2048K, reserved 1048576K
Event: 115.731 GC heap after
Heap after GC invocations=3 (full 0):
 PSYoungGen      total 18944K, used 2532K [0x00000000eb300000, 0x00000000ec800000, 0x0000000100000000)
  eden space 16384K, 0% used [0x00000000eb300000,0x00000000eb300000,0x00000000ec300000)
  from space 2560K, 98% used [0x00000000ec300000,0x00000000ec579010,0x00000000ec580000)
  to   space 2560K, 0% used [0x00000000ec580000,0x00000000ec580000,0x00000000ec800000)
 ParOldGen       total 44032K, used 16813K [0x00000000c1800000, 0x00000000c4300000, 0x00000000eb300000)
  object space 44032K, 38% used [0x00000000c1800000,0x00000000c286b4f0,0x00000000c4300000)
 Metaspace       used 15557K, capacity 15766K, committed 16128K, reserved 1062912K
  class space    used 1853K, capacity 1929K, committed 2048K, reserved 1048576K
}

