# JRE version: Java(TM) SE Runtime Environment (8.0_91-b14) (build 1.8.0_91-b14)
# Java VM: Java HotSpot(TM) 64-Bit Server VM (25.91-b14 mixed mode windows-amd64 compressed oops)
Heap:
 PSYoungGen      total 23552K, used 13202K [0x00000000eb300000, 0x00000000ed100000, 0x0000000100000000)
  eden space 16384K, 79% used [0x00000000eb300000,0x00000000ebfbcb30,0x00000000ec300000)
  from space 7168K, 2% used [0x00000000eca00000,0x00000000eca28000,0x00000000ed100000)
  to   space 7168K, 0% used [0x00000000ec300000,0x00000000ec300000,0x00000000eca00000)
 ParOldGen       total 44032K, used 8009K [0x00000000c1800000, 0x00000000c4300000, 0x00000000eb300000)
  object space 44032K, 18% used [0x00000000c1800000,0x00000000c1fd25a8,0x00000000c4300000)
 Metaspace       used 16215K, capacity 16454K, committed 16640K, reserved 1064960K
  class space    used 1949K, capacity 2028K, committed 2048K, reserved 1048576K
GC Heap History (10 events):
Event: 10.344 GC heap before
{Heap before GC invocations=6 (full 0):
 PSYoungGen      total 18944K, used 18704K [0x00000000eb300000, 0x00000000ed100000, 0x0000000100000000)
  eden space 16384K, 98% used [0x00000000eb300000,0x00000000ec2c41a0,0x00000000ec300000)
  from space 2560K, 100% used [0x00000000ec300000,0x00000000ec580000,0x00000000ec580000)
  to   space 7168K, 0% used [0x00000000eca00000,0x00000000eca00000,0x00000000ed100000)
 ParOldGen       total 44032K, used 5297K [0x00000000c1800000, 0x00000000c4300000, 0x00000000eb300000)
  object space 44032K, 12% used [0x00000000c1800000,0x00000000c1d2c478,0x00000000c4300000)
 Metaspace       used 15988K, capacity 16166K, committed 16384K, reserved 1062912K
  class space    used 1937K, capacity 1996K, committed 2048K, reserved 1048576K
Event: 10.348 GC heap after
Heap after GC invocations=6 (full 0):
 PSYoungGen      total 23552K, used 2656K [0x00000000eb300000, 0x00000000ed100000, 0x0000000100000000)
  eden space 16384K, 0% used [0x00000000eb300000,0x00000000eb300000,0x00000000ec300000)
  from space 7168K, 37% used [0x00000000eca00000,0x00000000ecc98000,0x00000000ed100000)
  to   space 7168K, 0% used [0x00000000ec300000,0x00000000ec300000,0x00000000eca00000)
 ParOldGen       total 44032K, used 5305K [0x00000000c1800000, 0x00000000c4300000, 0x00000000eb300000)
  object space 44032K, 12% used [0x00000000c1800000,0x00000000c1d2e478,0x00000000c4300000)
 Metaspace       used 15988K, capacity 16166K, committed 16384K, reserved 1062912K
  class space    used 1937K, capacity 1996K, committed 2048K, reserved 1048576K
}
Event: 12.050 GC heap before
{Heap before GC invocations=7 (full 0):
 PSYoungGen      total 23552K, used 18927K [0x00000000eb300000, 0x00000000ed100000, 0x0000000100000000)
  eden space 16384K, 99% used [0x00000000eb300000,0x00000000ec2e3ea0,0x00000000ec300000)
  from space 7168K, 37% used [0x00000000eca00000,0x00000000ecc98000,0x00000000ed100000)
  to   space 7168K, 0% used [0x00000000ec300000,0x00000000ec300000,0x00000000eca00000)
 ParOldGen       total 44032K, used 5305K [0x00000000c1800000, 0x00000000c4300000, 0x00000000eb300000)
  object space 44032K, 12% used [0x00000000c1800000,0x00000000c1d2e478,0x00000000c4300000)
 Metaspace       used 16063K, capacity 16230K, committed 16384K, reserved 1062912K
  class space    used 1937K, capacity 1996K, committed 2048K, reserved 1048576K
Event: 12.053 GC heap after
Heap after GC invocations=7 (full 0):
 PSYoungGen      total 23552K, used 384K [0x00000000eb300000, 0x00000000ed100000, 0x0000000100000000)
  eden space 16384K, 0% used [0x00000000eb300000,0x00000000eb300000,0x00000000ec300000)
  from space 7168K, 5% used [0x00000000ec300000,0x00000000ec360000,0x00000000eca00000)
  to   space 7168K, 0% used [0x00000000eca00000,0x00000000eca00000,0x00000000ed100000)
 ParOldGen       total 44032K, used 7700K [0x00000000c1800000, 0x00000000c4300000, 0x00000000eb300000)
  object space 44032K, 17% used [0x00000000c1800000,0x00000000c1f85368,0x00000000c4300000)
 Metaspace       used 16063K, capacity 16230K, committed 16384K, reserved 1062912K
  class space    used 1937K, capacity 1996K, committed 2048K, reserved 1048576K
}
Event: 13.653 GC heap before
{Heap before GC invocations=8 (full 0):
 PSYoungGen      total 23552K, used 15920K [0x00000000eb300000, 0x00000000ed100000, 0x0000000100000000)
  eden space 16384K, 94% used [0x00000000eb300000,0x00000000ec22c3f0,0x00000000ec300000)
  from space 7168K, 5% used [0x00000000ec300000,0x00000000ec360000,0x00000000eca00000)
  to   space 7168K, 0% used [0x00000000eca00000,0x00000000eca00000,0x00000000ed100000)
 ParOldGen       total 44032K, used 7700K [0x00000000c1800000, 0x00000000c4300000, 0x00000000eb300000)
  object space 44032K, 17% used [0x00000000c1800000,0x00000000c1f85368,0x00000000c4300000)
 Metaspace       used 16141K, capacity 16326K, committed 16640K, reserved 1064960K
  class space    used 1949K, capacity 2028K, committed 2048K, reserved 1048576K
Event: 13.654 GC heap after
Heap after GC invocations=8 (full 0):
 PSYoungGen      total 23552K, used 288K [0x00000000eb300000, 0x00000000ed100000, 0x0000000100000000)
  eden space 16384K, 0% used [0x00000000eb300000,0x00000000eb300000,0x00000000ec300000)
  from space 7168K, 4% used [0x00000000eca00000,0x00000000eca48000,0x00000000ed100000)
  to   space 7168K, 0% used [0x00000000ec300000,0x00000000ec300000,0x00000000eca00000)
 ParOldGen       total 44032K, used 7833K [0x00000000c1800000, 0x00000000c4300000, 0x00000000eb300000)
  object space 44032K, 17% used [0x00000000c1800000,0x00000000c1fa6578,0x00000000c4300000)
 Metaspace       used 16141K, capacity 16326K, committed 16640K, reserved 1064960K
  class space    used 1949K, capacity 2028K, committed 2048K, reserved 1048576K
}
Event: 15.360 GC heap before
{Heap before GC invocations=9 (full 0):
 PSYoungGen      total 23552K, used 16058K [0x00000000eb300000, 0x00000000ed100000, 0x0000000100000000)
  eden space 16384K, 96% used [0x00000000eb300000,0x00000000ec266ba0,0x00000000ec300000)
  from space 7168K, 4% used [0x00000000eca00000,0x00000000eca48000,0x00000000ed100000)
  to   space 7168K, 0% used [0x00000000ec300000,0x00000000ec300000,0x00000000eca00000)
 ParOldGen       total 44032K, used 7833K [0x00000000c1800000, 0x00000000c4300000, 0x00000000eb300000)
  object space 44032K, 17% used [0x00000000c1800000,0x00000000c1fa6578,0x00000000c4300000)
 Metaspace       used 16158K, capacity 16326K, committed 16640K, reserved 1064960K
  class space    used 1949K, capacity 2028K, committed 2048K, reserved 1048576K
Event: 15.362 GC heap after
Heap after GC invocations=9 (full 0):
 PSYoungGen      total 23552K, used 256K [0x00000000eb300000, 0x00000000ed100000, 0x0000000100000000)
  eden space 16384K, 0% used [0x00000000eb300000,0x00000000eb300000,0x00000000ec300000)
  from space 7168K, 3% used [0x00000000ec300000,0x00000000ec340000,0x00000000eca00000)
  to   space 7168K, 0% used [0x00000000eca00000,0x00000000eca00000,0x00000000ed100000)
 ParOldGen       total 44032K, used 7881K [0x00000000c1800000, 0x00000000c4300000, 0x00000000eb300000)
  object space 44032K, 17% used [0x00000000c1800000,0x00000000c1fb2578,0x00000000c4300000)
 Metaspace       used 16158K, capacity 16326K, committed 16640K, reserved 1064960K
  class space    used 1949K, capacity 2028K, committed 2048K, reserved 1048576K
}
Event: 17.068 GC heap before
{Heap before GC invocations=10 (full 0):
 PSYoungGen      total 23552K, used 16021K [0x00000000eb300000, 0x00000000ed100000, 0x0000000100000000)
  eden space 16384K, 96% used [0x00000000eb300000,0x00000000ec265768,0x00000000ec300000)
  from space 7168K, 3% used [0x00000000ec300000,0x00000000ec340000,0x00000000eca00000)
  to   space 7168K, 0% used [0x00000000eca00000,0x00000000eca00000,0x00000000ed100000)
 ParOldGen       total 44032K, used 7881K [0x00000000c1800000, 0x00000000c4300000, 0x00000000eb300000)
  object space 44032K, 17% used [0x00000000c1800000,0x00000000c1fb2578,0x00000000c4300000)
 Metaspace       used 16199K, capacity 16390K, committed 16640K, reserved 1064960K
  class space    used 1949K, capacity 2028K, committed 2048K, reserved 1048576K
Event: 17.070 GC heap after
Heap after GC invocations=10 (full 0):
 PSYoungGen      total 23552K, used 160K [0x00000000eb300000, 0x00000000ed100000, 0x0000000100000000)
  eden space 16384K, 0% used [0x00000000eb300000,0x00000000eb300000,0x00000000ec300000)
  from space 7168K, 2% used [0x00000000eca00000,0x00000000eca28000,0x00000000ed100000)
  to   space 7168K, 0% used [0x00000000ec300000,0x00000000ec300000,0x00000000eca00000)
 ParOldGen       total 44032K, used 8009K [0x00000000c1800000, 0x00000000c4300000, 0x00000000eb300000)
  object space 44032K, 18% used [0x00000000c1800000,0x00000000c1fd25a8,0x00000000c4300000)
 Metaspace       used 16199K, capacity 16390K, committed 16640K, reserved 1064960K
  class space    used 1949K, capacity 2028K, committed 2048K, reserved 1048576K
}

