# JRE version: Java(TM) SE Runtime Environment (8.0_91-b14) (build 1.8.0_91-b14)
# Java VM: Java HotSpot(TM) 64-Bit Server VM (25.91-b14 mixed mode windows-amd64 compressed oops)
Heap:
 PSYoungGen      total 25088K, used 2204K [0x00000000eb300000, 0x00000000ed400000, 0x0000000100000000)
  eden space 16384K, 11% used [0x00000000eb300000,0x00000000eb4d71c0,0x00000000ec300000)
  from space 8704K, 3% used [0x00000000ecb80000,0x00000000ecbd0000,0x00000000ed400000)
  to   space 8704K, 0% used [0x00000000ec300000,0x00000000ec300000,0x00000000ecb80000)
 ParOldGen       total 44032K, used 15444K [0x00000000c1800000, 0x00000000c4300000, 0x00000000eb300000)
  object space 44032K, 35% used [0x00000000c1800000,0x00000000c2715258,0x00000000c4300000)
 Metaspace       used 15841K, capacity 16070K, committed 16384K, reserved 1062912K
  class space    used 1936K, capacity 2028K, committed 2048K, reserved 1048576K
GC Heap History (10 events):
Event: 6.349 GC heap before
{Heap before GC invocations=4 (full 0):
 PSYoungGen      total 18944K, used 18033K [0x00000000eb300000, 0x00000000ec800000, 0x0000000100000000)
  eden space 16384K, 94% used [0x00000000eb300000,0x00000000ec222088,0x00000000ec300000)
  from space 2560K, 99% used [0x00000000ec300000,0x00000000ec57a710,0x00000000ec580000)
  to   space 2560K, 0% used [0x00000000ec580000,0x00000000ec580000,0x00000000ec800000)
 ParOldGen       total 44032K, used 4513K [0x00000000c1800000, 0x00000000c4300000, 0x00000000eb300000)
  object space 44032K, 10% used [0x00000000c1800000,0x00000000c1c685b8,0x00000000c4300000)
 Metaspace       used 15235K, capacity 15394K, committed 15616K, reserved 1062912K
  class space    used 1880K, capacity 1932K, committed 2048K, reserved 1048576K
Event: 6.350 GC heap after
Heap after GC invocations=4 (full 0):
 PSYoungGen      total 18944K, used 2537K [0x00000000eb300000, 0x00000000ec800000, 0x0000000100000000)
  eden space 16384K, 0% used [0x00000000eb300000,0x00000000eb300000,0x00000000ec300000)
  from space 2560K, 99% used [0x00000000ec580000,0x00000000ec7fa710,0x00000000ec800000)
  to   space 2560K, 0% used [0x00000000ec300000,0x00000000ec300000,0x00000000ec580000)
 ParOldGen       total 44032K, used 4576K [0x00000000c1800000, 0x00000000c4300000, 0x00000000eb300000)
  object space 44032K, 10% used [0x00000000c1800000,0x00000000c1c78158,0x00000000c4300000)
 Metaspace       used 15235K, capacity 15394K, committed 15616K, reserved 1062912K
  class space    used 1880K, capacity 1932K, committed 2048K, reserved 1048576K
}
Event: 7.666 GC heap before
{Heap before GC invocations=5 (full 0):
 PSYoungGen      total 18944K, used 18009K [0x00000000eb300000, 0x00000000ec800000, 0x0000000100000000)
  eden space 16384K, 94% used [0x00000000eb300000,0x00000000ec21be18,0x00000000ec300000)
  from space 2560K, 99% used [0x00000000ec580000,0x00000000ec7fa710,0x00000000ec800000)
  to   space 2560K, 0% used [0x00000000ec300000,0x00000000ec300000,0x00000000ec580000)
 ParOldGen       total 44032K, used 4576K [0x00000000c1800000, 0x00000000c4300000, 0x00000000eb300000)
  object space 44032K, 10% used [0x00000000c1800000,0x00000000c1c78158,0x00000000c4300000)
 Metaspace       used 15460K, capacity 15622K, committed 15872K, reserved 1062912K
  class space    used 1910K, capacity 1964K, committed 2048K, reserved 1048576K
Event: 7.672 GC heap after
Heap after GC invocations=5 (full 0):
 PSYoungGen      total 18944K, used 2537K [0x00000000eb300000, 0x00000000ed400000, 0x0000000100000000)
  eden space 16384K, 0% used [0x00000000eb300000,0x00000000eb300000,0x00000000ec300000)
  from space 2560K, 99% used [0x00000000ec300000,0x00000000ec57a710,0x00000000ec580000)
  to   space 8704K, 0% used [0x00000000ecb80000,0x00000000ecb80000,0x00000000ed400000)
 ParOldGen       total 44032K, used 8903K [0x00000000c1800000, 0x00000000c4300000, 0x00000000eb300000)
  object space 44032K, 20% used [0x00000000c1800000,0x00000000c20b1e98,0x00000000c4300000)
 Metaspace       used 15460K, capacity 15622K, committed 15872K, reserved 1062912K
  class space    used 1910K, capacity 1964K, committed 2048K, reserved 1048576K
}
Event: 8.955 GC heap before
{Heap before GC invocations=6 (full 0):
 PSYoungGen      total 18944K, used 18106K [0x00000000eb300000, 0x00000000ed400000, 0x0000000100000000)
  eden space 16384K, 95% used [0x00000000eb300000,0x00000000ec234428,0x00000000ec300000)
  from space 2560K, 99% used [0x00000000ec300000,0x00000000ec57a710,0x00000000ec580000)
  to   space 8704K, 0% used [0x00000000ecb80000,0x00000000ecb80000,0x00000000ed400000)
 ParOldGen       total 44032K, used 8903K [0x00000000c1800000, 0x00000000c4300000, 0x00000000eb300000)
  object space 44032K, 20% used [0x00000000c1800000,0x00000000c20b1e98,0x00000000c4300000)
 Metaspace       used 15607K, capacity 15782K, committed 16128K, reserved 1062912K
  class space    used 1924K, capacity 1996K, committed 2048K, reserved 1048576K
Event: 8.959 GC heap after
Heap after GC invocations=6 (full 0):
 PSYoungGen      total 24064K, used 4659K [0x00000000eb300000, 0x00000000ed300000, 0x0000000100000000)
  eden space 16384K, 0% used [0x00000000eb300000,0x00000000eb300000,0x00000000ec300000)
  from space 7680K, 60% used [0x00000000ecb80000,0x00000000ed00ce20,0x00000000ed300000)
  to   space 8192K, 0% used [0x00000000ec300000,0x00000000ec300000,0x00000000ecb00000)
 ParOldGen       total 44032K, used 8911K [0x00000000c1800000, 0x00000000c4300000, 0x00000000eb300000)
  object space 44032K, 20% used [0x00000000c1800000,0x00000000c20b3e98,0x00000000c4300000)
 Metaspace       used 15607K, capacity 15782K, committed 16128K, reserved 1062912K
  class space    used 1924K, capacity 1996K, committed 2048K, reserved 1048576K
}
Event: 10.268 GC heap before
{Heap before GC invocations=7 (full 0):
 PSYoungGen      total 24064K, used 19974K [0x00000000eb300000, 0x00000000ed300000, 0x0000000100000000)
  eden space 16384K, 93% used [0x00000000eb300000,0x00000000ec1f4ca0,0x00000000ec300000)
  from space 7680K, 60% used [0x00000000ecb80000,0x00000000ed00ce20,0x00000000ed300000)
  to   space 8192K, 0% used [0x00000000ec300000,0x00000000ec300000,0x00000000ecb00000)
 ParOldGen       total 44032K, used 8911K [0x00000000c1800000, 0x00000000c4300000, 0x00000000eb300000)
  object space 44032K, 20% used [0x00000000c1800000,0x00000000c20b3e98,0x00000000c4300000)
 Metaspace       used 15689K, capacity 15846K, committed 16128K, reserved 1062912K
  class space    used 1924K, capacity 1996K, committed 2048K, reserved 1048576K
Event: 10.272 GC heap after
Heap after GC invocations=7 (full 0):
 PSYoungGen      total 24576K, used 192K [0x00000000eb300000, 0x00000000ed400000, 0x0000000100000000)
  eden space 16384K, 0% used [0x00000000eb300000,0x00000000eb300000,0x00000000ec300000)
  from space 8192K, 2% used [0x00000000ec300000,0x00000000ec330000,0x00000000ecb00000)
  to   space 8704K, 0% used [0x00000000ecb80000,0x00000000ecb80000,0x00000000ed400000)
 ParOldGen       total 44032K, used 15412K [0x00000000c1800000, 0x00000000c4300000, 0x00000000eb300000)
  object space 44032K, 35% used [0x00000000c1800000,0x00000000c270d258,0x00000000c4300000)
 Metaspace       used 15689K, capacity 15846K, committed 16128K, reserved 1062912K
  class space    used 1924K, capacity 1996K, committed 2048K, reserved 1048576K
}
Event: 11.124 GC heap before
{Heap before GC invocations=8 (full 0):
 PSYoungGen      total 24576K, used 16576K [0x00000000eb300000, 0x00000000ed400000, 0x0000000100000000)
  eden space 16384K, 100% used [0x00000000eb300000,0x00000000ec300000,0x00000000ec300000)
  from space 8192K, 2% used [0x00000000ec300000,0x00000000ec330000,0x00000000ecb00000)
  to   space 8704K, 0% used [0x00000000ecb80000,0x00000000ecb80000,0x00000000ed400000)
 ParOldGen       total 44032K, used 15412K [0x00000000c1800000, 0x00000000c4300000, 0x00000000eb300000)
  object space 44032K, 35% used [0x00000000c1800000,0x00000000c270d258,0x00000000c4300000)
 Metaspace       used 15825K, capacity 16006K, committed 16128K, reserved 1062912K
  class space    used 1936K, capacity 2028K, committed 2048K, reserved 1048576K
Event: 11.125 GC heap after
Heap after GC invocations=8 (full 0):
 PSYoungGen      total 25088K, used 320K [0x00000000eb300000, 0x00000000ed400000, 0x0000000100000000)
  eden space 16384K, 0% used [0x00000000eb300000,0x00000000eb300000,0x00000000ec300000)
  from space 8704K, 3% used [0x00000000ecb80000,0x00000000ecbd0000,0x00000000ed400000)
  to   space 8704K, 0% used [0x00000000ec300000,0x00000000ec300000,0x00000000ecb80000)
 ParOldGen       total 44032K, used 15444K [0x00000000c1800000, 0x00000000c4300000, 0x00000000eb300000)
  object space 44032K, 35% used [0x00000000c1800000,0x00000000c2715258,0x00000000c4300000)
 Metaspace       used 15825K, capacity 16006K, committed 16128K, reserved 1062912K
  class space    used 1936K, capacity 2028K, committed 2048K, reserved 1048576K
}

